This file contains any messages produced by compilers while
running configure, to aid debugging if configure makes a mistake.

configure:734: checking host system type
configure:755: checking target system type
configure:773: checking build system type
configure:833: checking for mawk
configure:833: checking for gawk
configure:2016: checking for gcc
configure:2129: checking whether the C compiler (/Applications/Xcode.app/Contents/Developer//Platforms/iPhoneOS.platform/Developer//usr/bin/arm-apple-darwin10-llvm-gcc-4.2 -isysroot /Applications/Xcode.app/Contents/Developer//Platforms/iPhoneOS.platform/Developer//SDKs/iPhoneOS6.0.sdk -no-cpp-precomp -pipe -I/Applications/Xcode.app/Contents/Developer//Platforms/iPhoneOS.platform/Developer//SDKs/iPhoneOS6.0.sdk/usr/include/ -Wall -L/Applications/Xcode.app/Contents/Developer//Platforms/iPhoneOS.platform/Developer//SDKs/iPhoneOS6.0.sdk/usr/lib -F/Applications/Xcode.app/Contents/Developer//Platforms/iPhoneOS.platform/Developer//SDKs/iPhoneOS6.0.sdk/System/Library/Frameworks -march=armv7s -mthumb -O3  -L/Applications/Xcode.app/Contents/Developer//Platforms/iPhoneOS.platform/Developer//SDKs/iPhoneOS6.0.sdk/usr/lib) works
configure:2145: /Applications/Xcode.app/Contents/Developer//Platforms/iPhoneOS.platform/Developer//usr/bin/arm-apple-darwin10-llvm-gcc-4.2 -isysroot /Applications/Xcode.app/Contents/Developer//Platforms/iPhoneOS.platform/Developer//SDKs/iPhoneOS6.0.sdk -no-cpp-precomp -pipe -I/Applications/Xcode.app/Contents/Developer//Platforms/iPhoneOS.platform/Developer//SDKs/iPhoneOS6.0.sdk/usr/include/ -Wall -L/Applications/Xcode.app/Contents/Developer//Platforms/iPhoneOS.platform/Developer//SDKs/iPhoneOS6.0.sdk/usr/lib -F/Applications/Xcode.app/Contents/Developer//Platforms/iPhoneOS.platform/Developer//SDKs/iPhoneOS6.0.sdk/System/Library/Frameworks -march=armv7s -mthumb -O3 -o conftest   -L/Applications/Xcode.app/Contents/Developer//Platforms/iPhoneOS.platform/Developer//SDKs/iPhoneOS6.0.sdk/usr/lib conftest.c  1>&5
configure:2142: warning: return type defaults to 'int'
configure:2171: checking whether the C compiler (/Applications/Xcode.app/Contents/Developer//Platforms/iPhoneOS.platform/Developer//usr/bin/arm-apple-darwin10-llvm-gcc-4.2 -isysroot /Applications/Xcode.app/Contents/Developer//Platforms/iPhoneOS.platform/Developer//SDKs/iPhoneOS6.0.sdk -no-cpp-precomp -pipe -I/Applications/Xcode.app/Contents/Developer//Platforms/iPhoneOS.platform/Developer//SDKs/iPhoneOS6.0.sdk/usr/include/ -Wall -L/Applications/Xcode.app/Contents/Developer//Platforms/iPhoneOS.platform/Developer//SDKs/iPhoneOS6.0.sdk/usr/lib -F/Applications/Xcode.app/Contents/Developer//Platforms/iPhoneOS.platform/Developer//SDKs/iPhoneOS6.0.sdk/System/Library/Frameworks -march=armv7s -mthumb -O3  -L/Applications/Xcode.app/Contents/Developer//Platforms/iPhoneOS.platform/Developer//SDKs/iPhoneOS6.0.sdk/usr/lib) is a cross-compiler
configure:2176: checking whether we are using GNU C
configure:2185: /Applications/Xcode.app/Contents/Developer//Platforms/iPhoneOS.platform/Developer//usr/bin/arm-apple-darwin10-llvm-gcc-4.2 -isysroot /Applications/Xcode.app/Contents/Developer//Platforms/iPhoneOS.platform/Developer//SDKs/iPhoneOS6.0.sdk -no-cpp-precomp -pipe -I/Applications/Xcode.app/Contents/Developer//Platforms/iPhoneOS.platform/Developer//SDKs/iPhoneOS6.0.sdk/usr/include/ -Wall -L/Applications/Xcode.app/Contents/Developer//Platforms/iPhoneOS.platform/Developer//SDKs/iPhoneOS6.0.sdk/usr/lib -F/Applications/Xcode.app/Contents/Developer//Platforms/iPhoneOS.platform/Developer//SDKs/iPhoneOS6.0.sdk/System/Library/Frameworks -march=armv7s -mthumb -O3 -E conftest.c
configure:2204: checking whether /Applications/Xcode.app/Contents/Developer//Platforms/iPhoneOS.platform/Developer//usr/bin/arm-apple-darwin10-llvm-gcc-4.2 -isysroot /Applications/Xcode.app/Contents/Developer//Platforms/iPhoneOS.platform/Developer//SDKs/iPhoneOS6.0.sdk -no-cpp-precomp -pipe -I/Applications/Xcode.app/Contents/Developer//Platforms/iPhoneOS.platform/Developer//SDKs/iPhoneOS6.0.sdk/usr/include/ -Wall -L/Applications/Xcode.app/Contents/Developer//Platforms/iPhoneOS.platform/Developer//SDKs/iPhoneOS6.0.sdk/usr/lib -F/Applications/Xcode.app/Contents/Developer//Platforms/iPhoneOS.platform/Developer//SDKs/iPhoneOS6.0.sdk/System/Library/Frameworks -march=armv7s -mthumb -O3 accepts -g
configure:2240: checking for c++
configure:2272: checking whether the C++ compiler (/Applications/Xcode.app/Contents/Developer//Platforms/iPhoneOS.platform/Developer//usr/bin/arm-apple-darwin10-llvm-g++-4.2 -isysroot /Applications/Xcode.app/Contents/Developer//Platforms/iPhoneOS.platform/Developer//SDKs/iPhoneOS6.0.sdk -no-cpp-precomp -pipe -I/Applications/Xcode.app/Contents/Developer//Platforms/iPhoneOS.platform/Developer//SDKs/iPhoneOS6.0.sdk/usr/include/ -Wall -L/Applications/Xcode.app/Contents/Developer//Platforms/iPhoneOS.platform/Developer//SDKs/iPhoneOS6.0.sdk/usr/lib -F/Applications/Xcode.app/Contents/Developer//Platforms/iPhoneOS.platform/Developer//SDKs/iPhoneOS6.0.sdk/System/Library/Frameworks -march=armv7s -mthumb -O3 -I/Applications/Xcode.app/Contents/Developer//Platforms/iPhoneOS.platform/Developer//SDKs/iPhoneOS6.0.sdk/usr/include/c++/4.2.1/  -L/Applications/Xcode.app/Contents/Developer//Platforms/iPhoneOS.platform/Developer//SDKs/iPhoneOS6.0.sdk/usr/lib) works
configure:2288: /Applications/Xcode.app/Contents/Developer//Platforms/iPhoneOS.platform/Developer//usr/bin/arm-apple-darwin10-llvm-g++-4.2 -isysroot /Applications/Xcode.app/Contents/Developer//Platforms/iPhoneOS.platform/Developer//SDKs/iPhoneOS6.0.sdk -no-cpp-precomp -pipe -I/Applications/Xcode.app/Contents/Developer//Platforms/iPhoneOS.platform/Developer//SDKs/iPhoneOS6.0.sdk/usr/include/ -Wall -L/Applications/Xcode.app/Contents/Developer//Platforms/iPhoneOS.platform/Developer//SDKs/iPhoneOS6.0.sdk/usr/lib -F/Applications/Xcode.app/Contents/Developer//Platforms/iPhoneOS.platform/Developer//SDKs/iPhoneOS6.0.sdk/System/Library/Frameworks -march=armv7s -mthumb -O3 -I/Applications/Xcode.app/Contents/Developer//Platforms/iPhoneOS.platform/Developer//SDKs/iPhoneOS6.0.sdk/usr/include/c++/4.2.1/ -o conftest   -L/Applications/Xcode.app/Contents/Developer//Platforms/iPhoneOS.platform/Developer//SDKs/iPhoneOS6.0.sdk/usr/lib conftest.C  1>&5
configure:2314: checking whether the C++ compiler (/Applications/Xcode.app/Contents/Developer//Platforms/iPhoneOS.platform/Developer//usr/bin/arm-apple-darwin10-llvm-g++-4.2 -isysroot /Applications/Xcode.app/Contents/Developer//Platforms/iPhoneOS.platform/Developer//SDKs/iPhoneOS6.0.sdk -no-cpp-precomp -pipe -I/Applications/Xcode.app/Contents/Developer//Platforms/iPhoneOS.platform/Developer//SDKs/iPhoneOS6.0.sdk/usr/include/ -Wall -L/Applications/Xcode.app/Contents/Developer//Platforms/iPhoneOS.platform/Developer//SDKs/iPhoneOS6.0.sdk/usr/lib -F/Applications/Xcode.app/Contents/Developer//Platforms/iPhoneOS.platform/Developer//SDKs/iPhoneOS6.0.sdk/System/Library/Frameworks -march=armv7s -mthumb -O3 -I/Applications/Xcode.app/Contents/Developer//Platforms/iPhoneOS.platform/Developer//SDKs/iPhoneOS6.0.sdk/usr/include/c++/4.2.1/  -L/Applications/Xcode.app/Contents/Developer//Platforms/iPhoneOS.platform/Developer//SDKs/iPhoneOS6.0.sdk/usr/lib) is a cross-compiler
configure:2319: checking whether we are using GNU C++
configure:2328: /Applications/Xcode.app/Contents/Developer//Platforms/iPhoneOS.platform/Developer//usr/bin/arm-apple-darwin10-llvm-g++-4.2 -isysroot /Applications/Xcode.app/Contents/Developer//Platforms/iPhoneOS.platform/Developer//SDKs/iPhoneOS6.0.sdk -no-cpp-precomp -pipe -I/Applications/Xcode.app/Contents/Developer//Platforms/iPhoneOS.platform/Developer//SDKs/iPhoneOS6.0.sdk/usr/include/ -Wall -L/Applications/Xcode.app/Contents/Developer//Platforms/iPhoneOS.platform/Developer//SDKs/iPhoneOS6.0.sdk/usr/lib -F/Applications/Xcode.app/Contents/Developer//Platforms/iPhoneOS.platform/Developer//SDKs/iPhoneOS6.0.sdk/System/Library/Frameworks -march=armv7s -mthumb -O3 -I/Applications/Xcode.app/Contents/Developer//Platforms/iPhoneOS.platform/Developer//SDKs/iPhoneOS6.0.sdk/usr/include/c++/4.2.1/ -E conftest.C
configure:2347: checking whether /Applications/Xcode.app/Contents/Developer//Platforms/iPhoneOS.platform/Developer//usr/bin/arm-apple-darwin10-llvm-g++-4.2 -isysroot /Applications/Xcode.app/Contents/Developer//Platforms/iPhoneOS.platform/Developer//SDKs/iPhoneOS6.0.sdk -no-cpp-precomp -pipe -I/Applications/Xcode.app/Contents/Developer//Platforms/iPhoneOS.platform/Developer//SDKs/iPhoneOS6.0.sdk/usr/include/ -Wall -L/Applications/Xcode.app/Contents/Developer//Platforms/iPhoneOS.platform/Developer//SDKs/iPhoneOS6.0.sdk/usr/lib -F/Applications/Xcode.app/Contents/Developer//Platforms/iPhoneOS.platform/Developer//SDKs/iPhoneOS6.0.sdk/System/Library/Frameworks -march=armv7s -mthumb -O3 -I/Applications/Xcode.app/Contents/Developer//Platforms/iPhoneOS.platform/Developer//SDKs/iPhoneOS6.0.sdk/usr/include/c++/4.2.1/ accepts -g
configure:2381: checking for ranlib
configure:2413: checking for /Applications/Xcode.app/Contents/Developer//Platforms/iPhoneOS.platform/Developer//usr/bin/as
configure:2467: checking for ar
configure:2502: checking for ld
configure:2537: checking for strip
configure:2572: checking for windres
configure:2928: checking whether /Applications/Xcode.app/Contents/Developer//Platforms/iPhoneOS.platform/Developer//usr/bin/arm-apple-darwin10-llvm-gcc-4.2 -isysroot /Applications/Xcode.app/Contents/Developer//Platforms/iPhoneOS.platform/Developer//SDKs/iPhoneOS6.0.sdk -no-cpp-precomp -pipe -I/Applications/Xcode.app/Contents/Developer//Platforms/iPhoneOS.platform/Developer//SDKs/iPhoneOS6.0.sdk/usr/include/ -Wall -L/Applications/Xcode.app/Contents/Developer//Platforms/iPhoneOS.platform/Developer//SDKs/iPhoneOS6.0.sdk/usr/lib -F/Applications/Xcode.app/Contents/Developer//Platforms/iPhoneOS.platform/Developer//SDKs/iPhoneOS6.0.sdk/System/Library/Frameworks -march=armv7s -mthumb -O3 and cc understand -c and -o together
configure:2943: /Applications/Xcode.app/Contents/Developer//Platforms/iPhoneOS.platform/Developer//usr/bin/arm-apple-darwin10-llvm-gcc-4.2 -isysroot /Applications/Xcode.app/Contents/Developer//Platforms/iPhoneOS.platform/Developer//SDKs/iPhoneOS6.0.sdk -no-cpp-precomp -pipe -I/Applications/Xcode.app/Contents/Developer//Platforms/iPhoneOS.platform/Developer//SDKs/iPhoneOS6.0.sdk/usr/include/ -Wall -L/Applications/Xcode.app/Contents/Developer//Platforms/iPhoneOS.platform/Developer//SDKs/iPhoneOS6.0.sdk/usr/lib -F/Applications/Xcode.app/Contents/Developer//Platforms/iPhoneOS.platform/Developer//SDKs/iPhoneOS6.0.sdk/System/Library/Frameworks -march=armv7s -mthumb -O3 -c conftest.c -o conftest.o 1>&5
conftest.c:1: warning: return type defaults to 'int'
conftest.c: In function 'foo':
conftest.c:1: warning: control reaches end of non-void function
configure:2944: /Applications/Xcode.app/Contents/Developer//Platforms/iPhoneOS.platform/Developer//usr/bin/arm-apple-darwin10-llvm-gcc-4.2 -isysroot /Applications/Xcode.app/Contents/Developer//Platforms/iPhoneOS.platform/Developer//SDKs/iPhoneOS6.0.sdk -no-cpp-precomp -pipe -I/Applications/Xcode.app/Contents/Developer//Platforms/iPhoneOS.platform/Developer//SDKs/iPhoneOS6.0.sdk/usr/include/ -Wall -L/Applications/Xcode.app/Contents/Developer//Platforms/iPhoneOS.platform/Developer//SDKs/iPhoneOS6.0.sdk/usr/lib -F/Applications/Xcode.app/Contents/Developer//Platforms/iPhoneOS.platform/Developer//SDKs/iPhoneOS6.0.sdk/System/Library/Frameworks -march=armv7s -mthumb -O3 -c conftest.c -o conftest.o 1>&5
conftest.c:1: warning: return type defaults to 'int'
conftest.c: In function 'foo':
conftest.c:1: warning: control reaches end of non-void function
configure:2949: cc -c conftest.c 1>&5
conftest.c:1:1: warning: type specifier missing, defaults to 'int' [-Wimplicit-int]
foo(){}
^~~
conftest.c:1:7: warning: control reaches end of non-void function [-Wreturn-type]
foo(){}
      ^
2 warnings generated.
configure:2951: cc -c conftest.c -o conftest.o 1>&5
conftest.c:1:1: warning: type specifier missing, defaults to 'int' [-Wimplicit-int]
foo(){}
^~~
conftest.c:1:7: warning: control reaches end of non-void function [-Wreturn-type]
foo(){}
      ^
2 warnings generated.
configure:2952: cc -c conftest.c -o conftest.o 1>&5
conftest.c:1:1: warning: type specifier missing, defaults to 'int' [-Wimplicit-int]
foo(){}
^~~
conftest.c:1:7: warning: control reaches end of non-void function [-Wreturn-type]
foo(){}
      ^
2 warnings generated.
configure:2988: checking how to run the C preprocessor
configure:3009: /Applications/Xcode.app/Contents/Developer//Platforms/iPhoneOS.platform/Developer//usr/bin/arm-apple-darwin10-llvm-gcc-4.2 -isysroot /Applications/Xcode.app/Contents/Developer//Platforms/iPhoneOS.platform/Developer//SDKs/iPhoneOS6.0.sdk -no-cpp-precomp -pipe -I/Applications/Xcode.app/Contents/Developer//Platforms/iPhoneOS.platform/Developer//SDKs/iPhoneOS6.0.sdk/usr/include/ -Wall -L/Applications/Xcode.app/Contents/Developer//Platforms/iPhoneOS.platform/Developer//SDKs/iPhoneOS6.0.sdk/usr/lib -F/Applications/Xcode.app/Contents/Developer//Platforms/iPhoneOS.platform/Developer//SDKs/iPhoneOS6.0.sdk/System/Library/Frameworks -march=armv7s -mthumb -O3 -E  conftest.c >/dev/null 2>conftest.out
configure:3068: checking how to run the C++ preprocessor
configure:3086: /Applications/Xcode.app/Contents/Developer//Platforms/iPhoneOS.platform/Developer//usr/bin/arm-apple-darwin10-llvm-g++-4.2 -isysroot /Applications/Xcode.app/Contents/Developer//Platforms/iPhoneOS.platform/Developer//SDKs/iPhoneOS6.0.sdk -no-cpp-precomp -pipe -I/Applications/Xcode.app/Contents/Developer//Platforms/iPhoneOS.platform/Developer//SDKs/iPhoneOS6.0.sdk/usr/include/ -Wall -L/Applications/Xcode.app/Contents/Developer//Platforms/iPhoneOS.platform/Developer//SDKs/iPhoneOS6.0.sdk/usr/lib -F/Applications/Xcode.app/Contents/Developer//Platforms/iPhoneOS.platform/Developer//SDKs/iPhoneOS6.0.sdk/System/Library/Frameworks -march=armv7s -mthumb -O3 -I/Applications/Xcode.app/Contents/Developer//Platforms/iPhoneOS.platform/Developer//SDKs/iPhoneOS6.0.sdk/usr/include/c++/4.2.1/ -E  conftest.C >/dev/null 2>conftest.out
configure:3176: checking for sb-conf
configure:3176: checking for ve
configure:3238: checking for a BSD compatible install
configure:3291: checking whether ln -s works
configure:3316: checking for perl5
configure:3316: checking for perl
configure:3370: checking for minimum required perl version >= 5.006
configure:3381: checking for full perl installation
configure:3396: checking for python
configure:3456: checking for doxygen
configure:3505: checking for autoconf
configure:3554: checking for unzip
configure:3605: checking for zip
configure:3659: checking for makedepend
configure:3707: checking for xargs
configure:3781: checking for pbbuild
configure:3781: checking for xcodebuild
configure:3844: checking for sdp
configure:4065: checking for gmake
configure:4065: checking for make
configure:4125: checking for X
configure:4192: /Applications/Xcode.app/Contents/Developer//Platforms/iPhoneOS.platform/Developer//usr/bin/arm-apple-darwin10-llvm-gcc-4.2 -isysroot /Applications/Xcode.app/Contents/Developer//Platforms/iPhoneOS.platform/Developer//SDKs/iPhoneOS6.0.sdk -no-cpp-precomp -pipe -I/Applications/Xcode.app/Contents/Developer//Platforms/iPhoneOS.platform/Developer//SDKs/iPhoneOS6.0.sdk/usr/include/ -Wall -L/Applications/Xcode.app/Contents/Developer//Platforms/iPhoneOS.platform/Developer//SDKs/iPhoneOS6.0.sdk/usr/lib -F/Applications/Xcode.app/Contents/Developer//Platforms/iPhoneOS.platform/Developer//SDKs/iPhoneOS6.0.sdk/System/Library/Frameworks -march=armv7s -mthumb -O3 -E  conftest.c >/dev/null 2>conftest.out
configure:4188:27: error: X11/Intrinsic.h: No such file or directory
configure: failed program was:
#line 4187 "configure"
#include "confdefs.h"
#include <X11/Intrinsic.h>
configure:4268: /Applications/Xcode.app/Contents/Developer//Platforms/iPhoneOS.platform/Developer//usr/bin/arm-apple-darwin10-llvm-gcc-4.2 -isysroot /Applications/Xcode.app/Contents/Developer//Platforms/iPhoneOS.platform/Developer//SDKs/iPhoneOS6.0.sdk -no-cpp-precomp -pipe -I/Applications/Xcode.app/Contents/Developer//Platforms/iPhoneOS.platform/Developer//SDKs/iPhoneOS6.0.sdk/usr/include/ -Wall -L/Applications/Xcode.app/Contents/Developer//Platforms/iPhoneOS.platform/Developer//SDKs/iPhoneOS6.0.sdk/usr/lib -F/Applications/Xcode.app/Contents/Developer//Platforms/iPhoneOS.platform/Developer//SDKs/iPhoneOS6.0.sdk/System/Library/Frameworks -march=armv7s -mthumb -O3 -o conftest   -L/Applications/Xcode.app/Contents/Developer//Platforms/iPhoneOS.platform/Developer//SDKs/iPhoneOS6.0.sdk/usr/lib conftest.c -lXt  1>&5
configure: In function 'main':
configure:4264: warning: implicit declaration of function 'XtMalloc'
ld: library not found for -lXt
collect2: ld returned 1 exit status
configure: failed program was:
#line 4261 "configure"
#include "confdefs.h"

int main() {
XtMalloc()
; return 0; }
configure:5373: checking whether the compiler supports -Wno-invalid-offsetof
configure:5396: /Applications/Xcode.app/Contents/Developer//Platforms/iPhoneOS.platform/Developer//usr/bin/arm-apple-darwin10-llvm-g++-4.2 -isysroot /Applications/Xcode.app/Contents/Developer//Platforms/iPhoneOS.platform/Developer//SDKs/iPhoneOS6.0.sdk -no-cpp-precomp -pipe -I/Applications/Xcode.app/Contents/Developer//Platforms/iPhoneOS.platform/Developer//SDKs/iPhoneOS6.0.sdk/usr/include/ -Wall -L/Applications/Xcode.app/Contents/Developer//Platforms/iPhoneOS.platform/Developer//SDKs/iPhoneOS6.0.sdk/usr/lib -F/Applications/Xcode.app/Contents/Developer//Platforms/iPhoneOS.platform/Developer//SDKs/iPhoneOS6.0.sdk/System/Library/Frameworks -march=armv7s -mthumb -O3 -I/Applications/Xcode.app/Contents/Developer//Platforms/iPhoneOS.platform/Developer//SDKs/iPhoneOS6.0.sdk/usr/include/c++/4.2.1/ -c  -fno-strict-aliasing -Wno-invalid-offsetof  conftest.C 1>&5
configure:5423: checking whether the compiler supports -Wno-variadic-macros
configure:5446: /Applications/Xcode.app/Contents/Developer//Platforms/iPhoneOS.platform/Developer//usr/bin/arm-apple-darwin10-llvm-g++-4.2 -isysroot /Applications/Xcode.app/Contents/Developer//Platforms/iPhoneOS.platform/Developer//SDKs/iPhoneOS6.0.sdk -no-cpp-precomp -pipe -I/Applications/Xcode.app/Contents/Developer//Platforms/iPhoneOS.platform/Developer//SDKs/iPhoneOS6.0.sdk/usr/include/ -Wall -L/Applications/Xcode.app/Contents/Developer//Platforms/iPhoneOS.platform/Developer//SDKs/iPhoneOS6.0.sdk/usr/lib -F/Applications/Xcode.app/Contents/Developer//Platforms/iPhoneOS.platform/Developer//SDKs/iPhoneOS6.0.sdk/System/Library/Frameworks -march=armv7s -mthumb -O3 -I/Applications/Xcode.app/Contents/Developer//Platforms/iPhoneOS.platform/Developer//SDKs/iPhoneOS6.0.sdk/usr/include/c++/4.2.1/ -c  -fno-strict-aliasing -Wno-variadic-macros  conftest.C 1>&5
configure:5481: checking whether ld has archive extraction flags
configure:5505: /Applications/Xcode.app/Contents/Developer//Platforms/iPhoneOS.platform/Developer//usr/bin/arm-apple-darwin10-llvm-gcc-4.2 -isysroot /Applications/Xcode.app/Contents/Developer//Platforms/iPhoneOS.platform/Developer//SDKs/iPhoneOS6.0.sdk -no-cpp-precomp -pipe -I/Applications/Xcode.app/Contents/Developer//Platforms/iPhoneOS.platform/Developer//SDKs/iPhoneOS6.0.sdk/usr/include/ -Wall -L/Applications/Xcode.app/Contents/Developer//Platforms/iPhoneOS.platform/Developer//SDKs/iPhoneOS6.0.sdk/usr/lib -F/Applications/Xcode.app/Contents/Developer//Platforms/iPhoneOS.platform/Developer//SDKs/iPhoneOS6.0.sdk/System/Library/Frameworks -march=armv7s -mthumb -O3 -o conftest  -fno-strict-aliasing  -Wl,--whole-archive conftest.c -Wl,--no-whole-archive 1>&5
ld: unknown option: --whole-archive
collect2: ld returned 1 exit status
configure: failed program was:
#line 5498 "configure"
#include "confdefs.h"

int main() {

; return 0; }
configure:5505: /Applications/Xcode.app/Contents/Developer//Platforms/iPhoneOS.platform/Developer//usr/bin/arm-apple-darwin10-llvm-gcc-4.2 -isysroot /Applications/Xcode.app/Contents/Developer//Platforms/iPhoneOS.platform/Developer//SDKs/iPhoneOS6.0.sdk -no-cpp-precomp -pipe -I/Applications/Xcode.app/Contents/Developer//Platforms/iPhoneOS.platform/Developer//SDKs/iPhoneOS6.0.sdk/usr/include/ -Wall -L/Applications/Xcode.app/Contents/Developer//Platforms/iPhoneOS.platform/Developer//SDKs/iPhoneOS6.0.sdk/usr/lib -F/Applications/Xcode.app/Contents/Developer//Platforms/iPhoneOS.platform/Developer//SDKs/iPhoneOS6.0.sdk/System/Library/Frameworks -march=armv7s -mthumb -O3 -o conftest  -fno-strict-aliasing  -Wl,-z -Wl,allextract conftest.c -Wl,-z -Wl,defaultextract 1>&5
ld: unknown option: -z
collect2: ld returned 1 exit status
configure: failed program was:
#line 5498 "configure"
#include "confdefs.h"

int main() {

; return 0; }
configure:5505: /Applications/Xcode.app/Contents/Developer//Platforms/iPhoneOS.platform/Developer//usr/bin/arm-apple-darwin10-llvm-gcc-4.2 -isysroot /Applications/Xcode.app/Contents/Developer//Platforms/iPhoneOS.platform/Developer//SDKs/iPhoneOS6.0.sdk -no-cpp-precomp -pipe -I/Applications/Xcode.app/Contents/Developer//Platforms/iPhoneOS.platform/Developer//SDKs/iPhoneOS6.0.sdk/usr/include/ -Wall -L/Applications/Xcode.app/Contents/Developer//Platforms/iPhoneOS.platform/Developer//SDKs/iPhoneOS6.0.sdk/usr/lib -F/Applications/Xcode.app/Contents/Developer//Platforms/iPhoneOS.platform/Developer//SDKs/iPhoneOS6.0.sdk/System/Library/Frameworks -march=armv7s -mthumb -O3 -o conftest  -fno-strict-aliasing  -Wl,-all conftest.c -Wl,-none 1>&5
ld: unknown option: -all
collect2: ld returned 1 exit status
configure: failed program was:
#line 5498 "configure"
#include "confdefs.h"

int main() {

; return 0; }
configure:5538: checking that static assertion macros used in autoconf tests work
configure:5559: /Applications/Xcode.app/Contents/Developer//Platforms/iPhoneOS.platform/Developer//usr/bin/arm-apple-darwin10-llvm-gcc-4.2 -isysroot /Applications/Xcode.app/Contents/Developer//Platforms/iPhoneOS.platform/Developer//SDKs/iPhoneOS6.0.sdk -no-cpp-precomp -pipe -I/Applications/Xcode.app/Contents/Developer//Platforms/iPhoneOS.platform/Developer//SDKs/iPhoneOS6.0.sdk/usr/include/ -Wall -L/Applications/Xcode.app/Contents/Developer//Platforms/iPhoneOS.platform/Developer//SDKs/iPhoneOS6.0.sdk/usr/lib -F/Applications/Xcode.app/Contents/Developer//Platforms/iPhoneOS.platform/Developer//SDKs/iPhoneOS6.0.sdk/System/Library/Frameworks -march=armv7s -mthumb -O3 -c  -fno-strict-aliasing  conftest.c 1>&5
configure:5576: /Applications/Xcode.app/Contents/Developer//Platforms/iPhoneOS.platform/Developer//usr/bin/arm-apple-darwin10-llvm-gcc-4.2 -isysroot /Applications/Xcode.app/Contents/Developer//Platforms/iPhoneOS.platform/Developer//SDKs/iPhoneOS6.0.sdk -no-cpp-precomp -pipe -I/Applications/Xcode.app/Contents/Developer//Platforms/iPhoneOS.platform/Developer//SDKs/iPhoneOS6.0.sdk/usr/include/ -Wall -L/Applications/Xcode.app/Contents/Developer//Platforms/iPhoneOS.platform/Developer//SDKs/iPhoneOS6.0.sdk/usr/lib -F/Applications/Xcode.app/Contents/Developer//Platforms/iPhoneOS.platform/Developer//SDKs/iPhoneOS6.0.sdk/System/Library/Frameworks -march=armv7s -mthumb -O3 -c  -fno-strict-aliasing  conftest.c 1>&5
configure: In function 'main':
configure:5577: error: size of array 'static_assert_line_5576' is negative
configure: failed program was:
#line 5569 "configure"
#include "confdefs.h"

#define CONFIGURE_STATIC_ASSERT(condition) CONFIGURE_STATIC_ASSERT_IMPL(condition, __LINE__)
#define CONFIGURE_STATIC_ASSERT_IMPL(condition, line) CONFIGURE_STATIC_ASSERT_IMPL2(condition, line)
#define CONFIGURE_STATIC_ASSERT_IMPL2(condition, line) typedef int static_assert_line_##line[(condition) ? 1 : -1]

int main() {
CONFIGURE_STATIC_ASSERT(0)
; return 0; }
configure:5599: /Applications/Xcode.app/Contents/Developer//Platforms/iPhoneOS.platform/Developer//usr/bin/arm-apple-darwin10-llvm-g++-4.2 -isysroot /Applications/Xcode.app/Contents/Developer//Platforms/iPhoneOS.platform/Developer//SDKs/iPhoneOS6.0.sdk -no-cpp-precomp -pipe -I/Applications/Xcode.app/Contents/Developer//Platforms/iPhoneOS.platform/Developer//SDKs/iPhoneOS6.0.sdk/usr/include/ -Wall -L/Applications/Xcode.app/Contents/Developer//Platforms/iPhoneOS.platform/Developer//SDKs/iPhoneOS6.0.sdk/usr/lib -F/Applications/Xcode.app/Contents/Developer//Platforms/iPhoneOS.platform/Developer//SDKs/iPhoneOS6.0.sdk/System/Library/Frameworks -march=armv7s -mthumb -O3 -I/Applications/Xcode.app/Contents/Developer//Platforms/iPhoneOS.platform/Developer//SDKs/iPhoneOS6.0.sdk/usr/include/c++/4.2.1/ -c  -fno-strict-aliasing  conftest.C 1>&5
configure:5616: /Applications/Xcode.app/Contents/Developer//Platforms/iPhoneOS.platform/Developer//usr/bin/arm-apple-darwin10-llvm-g++-4.2 -isysroot /Applications/Xcode.app/Contents/Developer//Platforms/iPhoneOS.platform/Developer//SDKs/iPhoneOS6.0.sdk -no-cpp-precomp -pipe -I/Applications/Xcode.app/Contents/Developer//Platforms/iPhoneOS.platform/Developer//SDKs/iPhoneOS6.0.sdk/usr/include/ -Wall -L/Applications/Xcode.app/Contents/Developer//Platforms/iPhoneOS.platform/Developer//SDKs/iPhoneOS6.0.sdk/usr/lib -F/Applications/Xcode.app/Contents/Developer//Platforms/iPhoneOS.platform/Developer//SDKs/iPhoneOS6.0.sdk/System/Library/Frameworks -march=armv7s -mthumb -O3 -I/Applications/Xcode.app/Contents/Developer//Platforms/iPhoneOS.platform/Developer//SDKs/iPhoneOS6.0.sdk/usr/include/c++/4.2.1/ -c  -fno-strict-aliasing  conftest.C 1>&5
configure: In function 'int main()':
configure:5616: error: size of array 'static_assert_line_5616' is negative
configure: failed program was:
#line 5609 "configure"
#include "confdefs.h"

#define CONFIGURE_STATIC_ASSERT(condition) CONFIGURE_STATIC_ASSERT_IMPL(condition, __LINE__)
#define CONFIGURE_STATIC_ASSERT_IMPL(condition, line) CONFIGURE_STATIC_ASSERT_IMPL2(condition, line)
#define CONFIGURE_STATIC_ASSERT_IMPL2(condition, line) typedef int static_assert_line_##line[(condition) ? 1 : -1]

int main() {
CONFIGURE_STATIC_ASSERT(0)
; return 0; }
configure:5650: checking for 64-bit OS
configure:5659: /Applications/Xcode.app/Contents/Developer//Platforms/iPhoneOS.platform/Developer//usr/bin/arm-apple-darwin10-llvm-gcc-4.2 -isysroot /Applications/Xcode.app/Contents/Developer//Platforms/iPhoneOS.platform/Developer//SDKs/iPhoneOS6.0.sdk -no-cpp-precomp -pipe -I/Applications/Xcode.app/Contents/Developer//Platforms/iPhoneOS.platform/Developer//SDKs/iPhoneOS6.0.sdk/usr/include/ -Wall -L/Applications/Xcode.app/Contents/Developer//Platforms/iPhoneOS.platform/Developer//SDKs/iPhoneOS6.0.sdk/usr/lib -F/Applications/Xcode.app/Contents/Developer//Platforms/iPhoneOS.platform/Developer//SDKs/iPhoneOS6.0.sdk/System/Library/Frameworks -march=armv7s -mthumb -O3 -c  -fno-strict-aliasing  conftest.c 1>&5
configure: In function 'main':
configure:5660: error: size of array 'static_assert_line_5659' is negative
configure: failed program was:
#line 5652 "configure"
#include "confdefs.h"

#define CONFIGURE_STATIC_ASSERT(condition) CONFIGURE_STATIC_ASSERT_IMPL(condition, __LINE__)
#define CONFIGURE_STATIC_ASSERT_IMPL(condition, line) CONFIGURE_STATIC_ASSERT_IMPL2(condition, line)
#define CONFIGURE_STATIC_ASSERT_IMPL2(condition, line) typedef int static_assert_line_##line[(condition) ? 1 : -1]

int main() {
CONFIGURE_STATIC_ASSERT(sizeof(void*) == 8)
; return 0; }
configure:6040: checking for -dead_strip option to ld
configure:6051: /Applications/Xcode.app/Contents/Developer//Platforms/iPhoneOS.platform/Developer//usr/bin/arm-apple-darwin10-llvm-gcc-4.2 -isysroot /Applications/Xcode.app/Contents/Developer//Platforms/iPhoneOS.platform/Developer//SDKs/iPhoneOS6.0.sdk -no-cpp-precomp -pipe -I/Applications/Xcode.app/Contents/Developer//Platforms/iPhoneOS.platform/Developer//SDKs/iPhoneOS6.0.sdk/usr/include/ -Wall -L/Applications/Xcode.app/Contents/Developer//Platforms/iPhoneOS.platform/Developer//SDKs/iPhoneOS6.0.sdk/usr/lib -F/Applications/Xcode.app/Contents/Developer//Platforms/iPhoneOS.platform/Developer//SDKs/iPhoneOS6.0.sdk/System/Library/Frameworks -march=armv7s -mthumb -O3 -o conftest  -fno-strict-aliasing -fpascal-strings -fno-common  -L/Applications/Xcode.app/Contents/Developer//Platforms/iPhoneOS.platform/Developer//SDKs/iPhoneOS6.0.sdk/usr/lib -lobjc -Wl,-dead_strip conftest.c  1>&5
ld: library not found for -lgcc_s.10.4
collect2: ld returned 1 exit status
configure: failed program was:
#line 6044 "configure"
#include "confdefs.h"

int main() {
return 0;
; return 0; }
configure:7329: checking for ANSI C header files
configure:7342: /Applications/Xcode.app/Contents/Developer//Platforms/iPhoneOS.platform/Developer//usr/bin/arm-apple-darwin10-llvm-gcc-4.2 -isysroot /Applications/Xcode.app/Contents/Developer//Platforms/iPhoneOS.platform/Developer//SDKs/iPhoneOS6.0.sdk -no-cpp-precomp -pipe -I/Applications/Xcode.app/Contents/Developer//Platforms/iPhoneOS.platform/Developer//SDKs/iPhoneOS6.0.sdk/usr/include/ -Wall -L/Applications/Xcode.app/Contents/Developer//Platforms/iPhoneOS.platform/Developer//SDKs/iPhoneOS6.0.sdk/usr/lib -F/Applications/Xcode.app/Contents/Developer//Platforms/iPhoneOS.platform/Developer//SDKs/iPhoneOS6.0.sdk/System/Library/Frameworks -march=armv7s -mthumb -O3 -E  conftest.c >/dev/null 2>conftest.out
configure:7433: checking for working const
configure:7487: /Applications/Xcode.app/Contents/Developer//Platforms/iPhoneOS.platform/Developer//usr/bin/arm-apple-darwin10-llvm-gcc-4.2 -isysroot /Applications/Xcode.app/Contents/Developer//Platforms/iPhoneOS.platform/Developer//SDKs/iPhoneOS6.0.sdk -no-cpp-precomp -pipe -I/Applications/Xcode.app/Contents/Developer//Platforms/iPhoneOS.platform/Developer//SDKs/iPhoneOS6.0.sdk/usr/include/ -Wall -L/Applications/Xcode.app/Contents/Developer//Platforms/iPhoneOS.platform/Developer//SDKs/iPhoneOS6.0.sdk/usr/lib -F/Applications/Xcode.app/Contents/Developer//Platforms/iPhoneOS.platform/Developer//SDKs/iPhoneOS6.0.sdk/System/Library/Frameworks -march=armv7s -mthumb -O3 -c  -fno-strict-aliasing -fpascal-strings -fno-common  conftest.c 1>&5
configure: In function 'main':
configure:7461: warning: unused variable 's'
configure:7481: warning: unused variable 'foo'
configure:7449: warning: unused variable 'zero'
configure:7443: warning: unused variable 'x'
configure:7508: checking for mode_t
configure:7541: checking for off_t
configure:7574: checking for pid_t
configure:7607: checking for size_t
configure:7640: checking for ssize_t
configure:7653: /Applications/Xcode.app/Contents/Developer//Platforms/iPhoneOS.platform/Developer//usr/bin/arm-apple-darwin10-llvm-gcc-4.2 -isysroot /Applications/Xcode.app/Contents/Developer//Platforms/iPhoneOS.platform/Developer//SDKs/iPhoneOS6.0.sdk -no-cpp-precomp -pipe -I/Applications/Xcode.app/Contents/Developer//Platforms/iPhoneOS.platform/Developer//SDKs/iPhoneOS6.0.sdk/usr/include/ -Wall -L/Applications/Xcode.app/Contents/Developer//Platforms/iPhoneOS.platform/Developer//SDKs/iPhoneOS6.0.sdk/usr/lib -F/Applications/Xcode.app/Contents/Developer//Platforms/iPhoneOS.platform/Developer//SDKs/iPhoneOS6.0.sdk/System/Library/Frameworks -march=armv7s -mthumb -O3 -c  -fno-strict-aliasing -fpascal-strings -fno-common  conftest.c 1>&5
configure: In function 'main':
configure:7649: warning: unused variable 'foo'
configure:7675: checking for st_blksize in struct stat
configure:7688: /Applications/Xcode.app/Contents/Developer//Platforms/iPhoneOS.platform/Developer//usr/bin/arm-apple-darwin10-llvm-gcc-4.2 -isysroot /Applications/Xcode.app/Contents/Developer//Platforms/iPhoneOS.platform/Developer//SDKs/iPhoneOS6.0.sdk -no-cpp-precomp -pipe -I/Applications/Xcode.app/Contents/Developer//Platforms/iPhoneOS.platform/Developer//SDKs/iPhoneOS6.0.sdk/usr/include/ -Wall -L/Applications/Xcode.app/Contents/Developer//Platforms/iPhoneOS.platform/Developer//SDKs/iPhoneOS6.0.sdk/usr/lib -F/Applications/Xcode.app/Contents/Developer//Platforms/iPhoneOS.platform/Developer//SDKs/iPhoneOS6.0.sdk/System/Library/Frameworks -march=armv7s -mthumb -O3 -c  -fno-strict-aliasing -fpascal-strings -fno-common  conftest.c 1>&5
configure: In function 'main':
configure:7684: warning: statement with no effect
configure:7709: checking for siginfo_t
configure:7722: /Applications/Xcode.app/Contents/Developer//Platforms/iPhoneOS.platform/Developer//usr/bin/arm-apple-darwin10-llvm-gcc-4.2 -isysroot /Applications/Xcode.app/Contents/Developer//Platforms/iPhoneOS.platform/Developer//SDKs/iPhoneOS6.0.sdk -no-cpp-precomp -pipe -I/Applications/Xcode.app/Contents/Developer//Platforms/iPhoneOS.platform/Developer//SDKs/iPhoneOS6.0.sdk/usr/include/ -Wall -L/Applications/Xcode.app/Contents/Developer//Platforms/iPhoneOS.platform/Developer//SDKs/iPhoneOS6.0.sdk/usr/lib -F/Applications/Xcode.app/Contents/Developer//Platforms/iPhoneOS.platform/Developer//SDKs/iPhoneOS6.0.sdk/System/Library/Frameworks -march=armv7s -mthumb -O3 -c  -fno-strict-aliasing -fpascal-strings -fno-common  conftest.c 1>&5
configure: In function 'main':
configure:7718: warning: unused variable 'info'
configure:7747: checking for stdint.h
configure:7757: /Applications/Xcode.app/Contents/Developer//Platforms/iPhoneOS.platform/Developer//usr/bin/arm-apple-darwin10-llvm-gcc-4.2 -isysroot /Applications/Xcode.app/Contents/Developer//Platforms/iPhoneOS.platform/Developer//SDKs/iPhoneOS6.0.sdk -no-cpp-precomp -pipe -I/Applications/Xcode.app/Contents/Developer//Platforms/iPhoneOS.platform/Developer//SDKs/iPhoneOS6.0.sdk/usr/include/ -Wall -L/Applications/Xcode.app/Contents/Developer//Platforms/iPhoneOS.platform/Developer//SDKs/iPhoneOS6.0.sdk/usr/lib -F/Applications/Xcode.app/Contents/Developer//Platforms/iPhoneOS.platform/Developer//SDKs/iPhoneOS6.0.sdk/System/Library/Frameworks -march=armv7s -mthumb -O3 -E  conftest.c >/dev/null 2>conftest.out
configure:7993: checking for the size of void*
configure:8011: /Applications/Xcode.app/Contents/Developer//Platforms/iPhoneOS.platform/Developer//usr/bin/arm-apple-darwin10-llvm-gcc-4.2 -isysroot /Applications/Xcode.app/Contents/Developer//Platforms/iPhoneOS.platform/Developer//SDKs/iPhoneOS6.0.sdk -no-cpp-precomp -pipe -I/Applications/Xcode.app/Contents/Developer//Platforms/iPhoneOS.platform/Developer//SDKs/iPhoneOS6.0.sdk/usr/include/ -Wall -L/Applications/Xcode.app/Contents/Developer//Platforms/iPhoneOS.platform/Developer//SDKs/iPhoneOS6.0.sdk/usr/lib -F/Applications/Xcode.app/Contents/Developer//Platforms/iPhoneOS.platform/Developer//SDKs/iPhoneOS6.0.sdk/System/Library/Frameworks -march=armv7s -mthumb -O3 -c  -fno-strict-aliasing -fpascal-strings -fno-common  conftest.c 1>&5
configure: In function 'main':
configure:8005: warning: unused variable 'a'
configure:8048: checking for the alignment of void*
configure:8069: /Applications/Xcode.app/Contents/Developer//Platforms/iPhoneOS.platform/Developer//usr/bin/arm-apple-darwin10-llvm-gcc-4.2 -isysroot /Applications/Xcode.app/Contents/Developer//Platforms/iPhoneOS.platform/Developer//SDKs/iPhoneOS6.0.sdk -no-cpp-precomp -pipe -I/Applications/Xcode.app/Contents/Developer//Platforms/iPhoneOS.platform/Developer//SDKs/iPhoneOS6.0.sdk/usr/include/ -Wall -L/Applications/Xcode.app/Contents/Developer//Platforms/iPhoneOS.platform/Developer//SDKs/iPhoneOS6.0.sdk/usr/lib -F/Applications/Xcode.app/Contents/Developer//Platforms/iPhoneOS.platform/Developer//SDKs/iPhoneOS6.0.sdk/System/Library/Frameworks -march=armv7s -mthumb -O3 -c  -fno-strict-aliasing -fpascal-strings -fno-common  conftest.c 1>&5
configure: In function 'main':
configure:8063: error: size of array 'a' is negative
configure:8063: warning: unused variable 'a'
configure: failed program was:
#line 8056 "configure"
#include "confdefs.h"

                     #include <stddef.h>
                     struct aligner { char c; void* a; };
                   
int main() {

                     int a[offsetof(struct aligner, a) == 2 ? 1 : -1];
                     return 0;
                   
; return 0; }
configure:8069: /Applications/Xcode.app/Contents/Developer//Platforms/iPhoneOS.platform/Developer//usr/bin/arm-apple-darwin10-llvm-gcc-4.2 -isysroot /Applications/Xcode.app/Contents/Developer//Platforms/iPhoneOS.platform/Developer//SDKs/iPhoneOS6.0.sdk -no-cpp-precomp -pipe -I/Applications/Xcode.app/Contents/Developer//Platforms/iPhoneOS.platform/Developer//SDKs/iPhoneOS6.0.sdk/usr/include/ -Wall -L/Applications/Xcode.app/Contents/Developer//Platforms/iPhoneOS.platform/Developer//SDKs/iPhoneOS6.0.sdk/usr/lib -F/Applications/Xcode.app/Contents/Developer//Platforms/iPhoneOS.platform/Developer//SDKs/iPhoneOS6.0.sdk/System/Library/Frameworks -march=armv7s -mthumb -O3 -c  -fno-strict-aliasing -fpascal-strings -fno-common  conftest.c 1>&5
configure: In function 'main':
configure:8063: warning: unused variable 'a'
configure:8092: checking for the size of double
configure:8110: /Applications/Xcode.app/Contents/Developer//Platforms/iPhoneOS.platform/Developer//usr/bin/arm-apple-darwin10-llvm-gcc-4.2 -isysroot /Applications/Xcode.app/Contents/Developer//Platforms/iPhoneOS.platform/Developer//SDKs/iPhoneOS6.0.sdk -no-cpp-precomp -pipe -I/Applications/Xcode.app/Contents/Developer//Platforms/iPhoneOS.platform/Developer//SDKs/iPhoneOS6.0.sdk/usr/include/ -Wall -L/Applications/Xcode.app/Contents/Developer//Platforms/iPhoneOS.platform/Developer//SDKs/iPhoneOS6.0.sdk/usr/lib -F/Applications/Xcode.app/Contents/Developer//Platforms/iPhoneOS.platform/Developer//SDKs/iPhoneOS6.0.sdk/System/Library/Frameworks -march=armv7s -mthumb -O3 -c  -fno-strict-aliasing -fpascal-strings -fno-common  conftest.c 1>&5
configure: In function 'main':
configure:8104: error: size of array 'a' is negative
configure:8104: warning: unused variable 'a'
configure: failed program was:
#line 8100 "configure"
#include "confdefs.h"

int main() {

                     int a[sizeof (double) == 6 ? 1 : -1];
                     return 0;
                   
; return 0; }
configure:8110: /Applications/Xcode.app/Contents/Developer//Platforms/iPhoneOS.platform/Developer//usr/bin/arm-apple-darwin10-llvm-gcc-4.2 -isysroot /Applications/Xcode.app/Contents/Developer//Platforms/iPhoneOS.platform/Developer//SDKs/iPhoneOS6.0.sdk -no-cpp-precomp -pipe -I/Applications/Xcode.app/Contents/Developer//Platforms/iPhoneOS.platform/Developer//SDKs/iPhoneOS6.0.sdk/usr/include/ -Wall -L/Applications/Xcode.app/Contents/Developer//Platforms/iPhoneOS.platform/Developer//SDKs/iPhoneOS6.0.sdk/usr/lib -F/Applications/Xcode.app/Contents/Developer//Platforms/iPhoneOS.platform/Developer//SDKs/iPhoneOS6.0.sdk/System/Library/Frameworks -march=armv7s -mthumb -O3 -c  -fno-strict-aliasing -fpascal-strings -fno-common  conftest.c 1>&5
configure: In function 'main':
configure:8104: warning: unused variable 'a'
configure:8133: checking for int16_t
configure:8146: /Applications/Xcode.app/Contents/Developer//Platforms/iPhoneOS.platform/Developer//usr/bin/arm-apple-darwin10-llvm-gcc-4.2 -isysroot /Applications/Xcode.app/Contents/Developer//Platforms/iPhoneOS.platform/Developer//SDKs/iPhoneOS6.0.sdk -no-cpp-precomp -pipe -I/Applications/Xcode.app/Contents/Developer//Platforms/iPhoneOS.platform/Developer//SDKs/iPhoneOS6.0.sdk/usr/include/ -Wall -L/Applications/Xcode.app/Contents/Developer//Platforms/iPhoneOS.platform/Developer//SDKs/iPhoneOS6.0.sdk/usr/lib -F/Applications/Xcode.app/Contents/Developer//Platforms/iPhoneOS.platform/Developer//SDKs/iPhoneOS6.0.sdk/System/Library/Frameworks -march=armv7s -mthumb -O3 -c  -fno-strict-aliasing -fpascal-strings -fno-common  conftest.c 1>&5
configure: In function 'main':
configure:8142: warning: unused variable 'foo'
configure:8168: checking for int32_t
configure:8181: /Applications/Xcode.app/Contents/Developer//Platforms/iPhoneOS.platform/Developer//usr/bin/arm-apple-darwin10-llvm-gcc-4.2 -isysroot /Applications/Xcode.app/Contents/Developer//Platforms/iPhoneOS.platform/Developer//SDKs/iPhoneOS6.0.sdk -no-cpp-precomp -pipe -I/Applications/Xcode.app/Contents/Developer//Platforms/iPhoneOS.platform/Developer//SDKs/iPhoneOS6.0.sdk/usr/include/ -Wall -L/Applications/Xcode.app/Contents/Developer//Platforms/iPhoneOS.platform/Developer//SDKs/iPhoneOS6.0.sdk/usr/lib -F/Applications/Xcode.app/Contents/Developer//Platforms/iPhoneOS.platform/Developer//SDKs/iPhoneOS6.0.sdk/System/Library/Frameworks -march=armv7s -mthumb -O3 -c  -fno-strict-aliasing -fpascal-strings -fno-common  conftest.c 1>&5
configure: In function 'main':
configure:8177: warning: unused variable 'foo'
configure:8203: checking for int64_t
configure:8216: /Applications/Xcode.app/Contents/Developer//Platforms/iPhoneOS.platform/Developer//usr/bin/arm-apple-darwin10-llvm-gcc-4.2 -isysroot /Applications/Xcode.app/Contents/Developer//Platforms/iPhoneOS.platform/Developer//SDKs/iPhoneOS6.0.sdk -no-cpp-precomp -pipe -I/Applications/Xcode.app/Contents/Developer//Platforms/iPhoneOS.platform/Developer//SDKs/iPhoneOS6.0.sdk/usr/include/ -Wall -L/Applications/Xcode.app/Contents/Developer//Platforms/iPhoneOS.platform/Developer//SDKs/iPhoneOS6.0.sdk/usr/lib -F/Applications/Xcode.app/Contents/Developer//Platforms/iPhoneOS.platform/Developer//SDKs/iPhoneOS6.0.sdk/System/Library/Frameworks -march=armv7s -mthumb -O3 -c  -fno-strict-aliasing -fpascal-strings -fno-common  conftest.c 1>&5
configure: In function 'main':
configure:8212: warning: unused variable 'foo'
configure:8238: checking for int64
configure:8251: /Applications/Xcode.app/Contents/Developer//Platforms/iPhoneOS.platform/Developer//usr/bin/arm-apple-darwin10-llvm-gcc-4.2 -isysroot /Applications/Xcode.app/Contents/Developer//Platforms/iPhoneOS.platform/Developer//SDKs/iPhoneOS6.0.sdk -no-cpp-precomp -pipe -I/Applications/Xcode.app/Contents/Developer//Platforms/iPhoneOS.platform/Developer//SDKs/iPhoneOS6.0.sdk/usr/include/ -Wall -L/Applications/Xcode.app/Contents/Developer//Platforms/iPhoneOS.platform/Developer//SDKs/iPhoneOS6.0.sdk/usr/lib -F/Applications/Xcode.app/Contents/Developer//Platforms/iPhoneOS.platform/Developer//SDKs/iPhoneOS6.0.sdk/System/Library/Frameworks -march=armv7s -mthumb -O3 -c  -fno-strict-aliasing -fpascal-strings -fno-common  conftest.c 1>&5
configure: In function 'main':
configure:8247: error: 'int64' undeclared (first use in this function)
configure:8247: error: (Each undeclared identifier is reported only once
configure:8247: error: for each function it appears in.)
configure:8247: error: expected ';' before 'foo'
configure: failed program was:
#line 8243 "configure"
#include "confdefs.h"
#include <stdio.h>
                  #include <sys/types.h>
int main() {
int64 foo = 0;
; return 0; }
configure:8273: checking for uint
configure:8286: /Applications/Xcode.app/Contents/Developer//Platforms/iPhoneOS.platform/Developer//usr/bin/arm-apple-darwin10-llvm-gcc-4.2 -isysroot /Applications/Xcode.app/Contents/Developer//Platforms/iPhoneOS.platform/Developer//SDKs/iPhoneOS6.0.sdk -no-cpp-precomp -pipe -I/Applications/Xcode.app/Contents/Developer//Platforms/iPhoneOS.platform/Developer//SDKs/iPhoneOS6.0.sdk/usr/include/ -Wall -L/Applications/Xcode.app/Contents/Developer//Platforms/iPhoneOS.platform/Developer//SDKs/iPhoneOS6.0.sdk/usr/lib -F/Applications/Xcode.app/Contents/Developer//Platforms/iPhoneOS.platform/Developer//SDKs/iPhoneOS6.0.sdk/System/Library/Frameworks -march=armv7s -mthumb -O3 -c  -fno-strict-aliasing -fpascal-strings -fno-common  conftest.c 1>&5
configure: In function 'main':
configure:8282: warning: unused variable 'foo'
configure:8308: checking for uint_t
configure:8321: /Applications/Xcode.app/Contents/Developer//Platforms/iPhoneOS.platform/Developer//usr/bin/arm-apple-darwin10-llvm-gcc-4.2 -isysroot /Applications/Xcode.app/Contents/Developer//Platforms/iPhoneOS.platform/Developer//SDKs/iPhoneOS6.0.sdk -no-cpp-precomp -pipe -I/Applications/Xcode.app/Contents/Developer//Platforms/iPhoneOS.platform/Developer//SDKs/iPhoneOS6.0.sdk/usr/include/ -Wall -L/Applications/Xcode.app/Contents/Developer//Platforms/iPhoneOS.platform/Developer//SDKs/iPhoneOS6.0.sdk/usr/lib -F/Applications/Xcode.app/Contents/Developer//Platforms/iPhoneOS.platform/Developer//SDKs/iPhoneOS6.0.sdk/System/Library/Frameworks -march=armv7s -mthumb -O3 -c  -fno-strict-aliasing -fpascal-strings -fno-common  conftest.c 1>&5
configure: In function 'main':
configure:8317: error: 'uint_t' undeclared (first use in this function)
configure:8317: error: (Each undeclared identifier is reported only once
configure:8317: error: for each function it appears in.)
configure:8317: error: expected ';' before 'foo'
configure: failed program was:
#line 8313 "configure"
#include "confdefs.h"
#include <stdio.h>
                  #include <sys/types.h>
int main() {
uint_t foo = 0;
; return 0; }
configure:8343: checking for uint16_t
configure:8356: /Applications/Xcode.app/Contents/Developer//Platforms/iPhoneOS.platform/Developer//usr/bin/arm-apple-darwin10-llvm-gcc-4.2 -isysroot /Applications/Xcode.app/Contents/Developer//Platforms/iPhoneOS.platform/Developer//SDKs/iPhoneOS6.0.sdk -no-cpp-precomp -pipe -I/Applications/Xcode.app/Contents/Developer//Platforms/iPhoneOS.platform/Developer//SDKs/iPhoneOS6.0.sdk/usr/include/ -Wall -L/Applications/Xcode.app/Contents/Developer//Platforms/iPhoneOS.platform/Developer//SDKs/iPhoneOS6.0.sdk/usr/lib -F/Applications/Xcode.app/Contents/Developer//Platforms/iPhoneOS.platform/Developer//SDKs/iPhoneOS6.0.sdk/System/Library/Frameworks -march=armv7s -mthumb -O3 -c  -fno-strict-aliasing -fpascal-strings -fno-common  conftest.c 1>&5
configure: In function 'main':
configure:8352: warning: unused variable 'foo'
configure:8387: checking for uname.domainname
configure:8400: /Applications/Xcode.app/Contents/Developer//Platforms/iPhoneOS.platform/Developer//usr/bin/arm-apple-darwin10-llvm-g++-4.2 -isysroot /Applications/Xcode.app/Contents/Developer//Platforms/iPhoneOS.platform/Developer//SDKs/iPhoneOS6.0.sdk -no-cpp-precomp -pipe -I/Applications/Xcode.app/Contents/Developer//Platforms/iPhoneOS.platform/Developer//SDKs/iPhoneOS6.0.sdk/usr/include/ -Wall -L/Applications/Xcode.app/Contents/Developer//Platforms/iPhoneOS.platform/Developer//SDKs/iPhoneOS6.0.sdk/usr/lib -F/Applications/Xcode.app/Contents/Developer//Platforms/iPhoneOS.platform/Developer//SDKs/iPhoneOS6.0.sdk/System/Library/Frameworks -march=armv7s -mthumb -O3 -I/Applications/Xcode.app/Contents/Developer//Platforms/iPhoneOS.platform/Developer//SDKs/iPhoneOS6.0.sdk/usr/include/c++/4.2.1/ -c  -fno-strict-aliasing -fpascal-strings -fno-common  conftest.C 1>&5
configure: In function 'int main()':
configure:8396: error: 'struct utsname' has no member named 'domainname'
configure: failed program was:
#line 8392 "configure"
#include "confdefs.h"
#include <sys/utsname.h>
int main() {
 struct utsname *res; char *domain; 
            (void)uname(res);  if (res != 0) { domain = res->domainname; } 
; return 0; }
configure:8424: checking for uname.__domainname
configure:8437: /Applications/Xcode.app/Contents/Developer//Platforms/iPhoneOS.platform/Developer//usr/bin/arm-apple-darwin10-llvm-g++-4.2 -isysroot /Applications/Xcode.app/Contents/Developer//Platforms/iPhoneOS.platform/Developer//SDKs/iPhoneOS6.0.sdk -no-cpp-precomp -pipe -I/Applications/Xcode.app/Contents/Developer//Platforms/iPhoneOS.platform/Developer//SDKs/iPhoneOS6.0.sdk/usr/include/ -Wall -L/Applications/Xcode.app/Contents/Developer//Platforms/iPhoneOS.platform/Developer//SDKs/iPhoneOS6.0.sdk/usr/lib -F/Applications/Xcode.app/Contents/Developer//Platforms/iPhoneOS.platform/Developer//SDKs/iPhoneOS6.0.sdk/System/Library/Frameworks -march=armv7s -mthumb -O3 -I/Applications/Xcode.app/Contents/Developer//Platforms/iPhoneOS.platform/Developer//SDKs/iPhoneOS6.0.sdk/usr/include/c++/4.2.1/ -c  -fno-strict-aliasing -fpascal-strings -fno-common  conftest.C 1>&5
configure: In function 'int main()':
configure:8433: error: 'struct utsname' has no member named '__domainname'
configure: failed program was:
#line 8429 "configure"
#include "confdefs.h"
#include <sys/utsname.h>
int main() {
 struct utsname *res; char *domain; 
            (void)uname(res);  if (res != 0) { domain = res->__domainname; } 
; return 0; }
configure:8470: checking for visibility(hidden) attribute
configure:8495: checking for visibility(default) attribute
configure:8520: checking for visibility pragma support
configure:8545: checking For gcc visibility bug with class-level attributes (GCC bug 26905)
configure:8573: checking For x86_64 gcc visibility bug with builtins (GCC bug 20297)
configure:8626: checking for dirent.h that defines DIR
configure:8639: /Applications/Xcode.app/Contents/Developer//Platforms/iPhoneOS.platform/Developer//usr/bin/arm-apple-darwin10-llvm-gcc-4.2 -isysroot /Applications/Xcode.app/Contents/Developer//Platforms/iPhoneOS.platform/Developer//SDKs/iPhoneOS6.0.sdk -no-cpp-precomp -pipe -I/Applications/Xcode.app/Contents/Developer//Platforms/iPhoneOS.platform/Developer//SDKs/iPhoneOS6.0.sdk/usr/include/ -Wall -L/Applications/Xcode.app/Contents/Developer//Platforms/iPhoneOS.platform/Developer//SDKs/iPhoneOS6.0.sdk/usr/lib -F/Applications/Xcode.app/Contents/Developer//Platforms/iPhoneOS.platform/Developer//SDKs/iPhoneOS6.0.sdk/System/Library/Frameworks -march=armv7s -mthumb -O3 -c  -fno-strict-aliasing -fpascal-strings -fno-common  conftest.c 1>&5
configure: In function 'main':
configure:8635: warning: unused variable 'dirp'
configure:8664: checking for opendir in -ldir
configure:8683: /Applications/Xcode.app/Contents/Developer//Platforms/iPhoneOS.platform/Developer//usr/bin/arm-apple-darwin10-llvm-gcc-4.2 -isysroot /Applications/Xcode.app/Contents/Developer//Platforms/iPhoneOS.platform/Developer//SDKs/iPhoneOS6.0.sdk -no-cpp-precomp -pipe -I/Applications/Xcode.app/Contents/Developer//Platforms/iPhoneOS.platform/Developer//SDKs/iPhoneOS6.0.sdk/usr/include/ -Wall -L/Applications/Xcode.app/Contents/Developer//Platforms/iPhoneOS.platform/Developer//SDKs/iPhoneOS6.0.sdk/usr/lib -F/Applications/Xcode.app/Contents/Developer//Platforms/iPhoneOS.platform/Developer//SDKs/iPhoneOS6.0.sdk/System/Library/Frameworks -march=armv7s -mthumb -O3 -o conftest  -fno-strict-aliasing -fpascal-strings -fno-common  -L/Applications/Xcode.app/Contents/Developer//Platforms/iPhoneOS.platform/Developer//SDKs/iPhoneOS6.0.sdk/usr/lib -lobjc conftest.c -ldir   1>&5
ld: library not found for -ldir
collect2: ld returned 1 exit status
configure: failed program was:
#line 8672 "configure"
#include "confdefs.h"
/* Override any gcc2 internal prototype to avoid an error.  */
/* We use char because int might match the return type of a gcc2
    builtin and then its argument prototype would still apply.  */
char opendir();

int main() {
opendir()
; return 0; }
configure:8756: checking for sys/byteorder.h
configure:8766: /Applications/Xcode.app/Contents/Developer//Platforms/iPhoneOS.platform/Developer//usr/bin/arm-apple-darwin10-llvm-gcc-4.2 -isysroot /Applications/Xcode.app/Contents/Developer//Platforms/iPhoneOS.platform/Developer//SDKs/iPhoneOS6.0.sdk -no-cpp-precomp -pipe -I/Applications/Xcode.app/Contents/Developer//Platforms/iPhoneOS.platform/Developer//SDKs/iPhoneOS6.0.sdk/usr/include/ -Wall -L/Applications/Xcode.app/Contents/Developer//Platforms/iPhoneOS.platform/Developer//SDKs/iPhoneOS6.0.sdk/usr/lib -F/Applications/Xcode.app/Contents/Developer//Platforms/iPhoneOS.platform/Developer//SDKs/iPhoneOS6.0.sdk/System/Library/Frameworks -march=armv7s -mthumb -O3 -E  conftest.c >/dev/null 2>conftest.out
configure:8762:27: error: sys/byteorder.h: No such file or directory
configure: failed program was:
#line 8761 "configure"
#include "confdefs.h"
#include <sys/byteorder.h>
configure:8756: checking for compat.h
configure:8766: /Applications/Xcode.app/Contents/Developer//Platforms/iPhoneOS.platform/Developer//usr/bin/arm-apple-darwin10-llvm-gcc-4.2 -isysroot /Applications/Xcode.app/Contents/Developer//Platforms/iPhoneOS.platform/Developer//SDKs/iPhoneOS6.0.sdk -no-cpp-precomp -pipe -I/Applications/Xcode.app/Contents/Developer//Platforms/iPhoneOS.platform/Developer//SDKs/iPhoneOS6.0.sdk/usr/include/ -Wall -L/Applications/Xcode.app/Contents/Developer//Platforms/iPhoneOS.platform/Developer//SDKs/iPhoneOS6.0.sdk/usr/lib -F/Applications/Xcode.app/Contents/Developer//Platforms/iPhoneOS.platform/Developer//SDKs/iPhoneOS6.0.sdk/System/Library/Frameworks -march=armv7s -mthumb -O3 -E  conftest.c >/dev/null 2>conftest.out
configure:8762:20: error: compat.h: No such file or directory
configure: failed program was:
#line 8761 "configure"
#include "confdefs.h"
#include <compat.h>
configure:8756: checking for getopt.h
configure:8766: /Applications/Xcode.app/Contents/Developer//Platforms/iPhoneOS.platform/Developer//usr/bin/arm-apple-darwin10-llvm-gcc-4.2 -isysroot /Applications/Xcode.app/Contents/Developer//Platforms/iPhoneOS.platform/Developer//SDKs/iPhoneOS6.0.sdk -no-cpp-precomp -pipe -I/Applications/Xcode.app/Contents/Developer//Platforms/iPhoneOS.platform/Developer//SDKs/iPhoneOS6.0.sdk/usr/include/ -Wall -L/Applications/Xcode.app/Contents/Developer//Platforms/iPhoneOS.platform/Developer//SDKs/iPhoneOS6.0.sdk/usr/lib -F/Applications/Xcode.app/Contents/Developer//Platforms/iPhoneOS.platform/Developer//SDKs/iPhoneOS6.0.sdk/System/Library/Frameworks -march=armv7s -mthumb -O3 -E  conftest.c >/dev/null 2>conftest.out
configure:8796: checking for sys/bitypes.h
configure:8806: /Applications/Xcode.app/Contents/Developer//Platforms/iPhoneOS.platform/Developer//usr/bin/arm-apple-darwin10-llvm-gcc-4.2 -isysroot /Applications/Xcode.app/Contents/Developer//Platforms/iPhoneOS.platform/Developer//SDKs/iPhoneOS6.0.sdk -no-cpp-precomp -pipe -I/Applications/Xcode.app/Contents/Developer//Platforms/iPhoneOS.platform/Developer//SDKs/iPhoneOS6.0.sdk/usr/include/ -Wall -L/Applications/Xcode.app/Contents/Developer//Platforms/iPhoneOS.platform/Developer//SDKs/iPhoneOS6.0.sdk/usr/lib -F/Applications/Xcode.app/Contents/Developer//Platforms/iPhoneOS.platform/Developer//SDKs/iPhoneOS6.0.sdk/System/Library/Frameworks -march=armv7s -mthumb -O3 -E  conftest.c >/dev/null 2>conftest.out
configure:8802:25: error: sys/bitypes.h: No such file or directory
configure: failed program was:
#line 8801 "configure"
#include "confdefs.h"
#include <sys/bitypes.h>
configure:8796: checking for memory.h
configure:8806: /Applications/Xcode.app/Contents/Developer//Platforms/iPhoneOS.platform/Developer//usr/bin/arm-apple-darwin10-llvm-gcc-4.2 -isysroot /Applications/Xcode.app/Contents/Developer//Platforms/iPhoneOS.platform/Developer//SDKs/iPhoneOS6.0.sdk -no-cpp-precomp -pipe -I/Applications/Xcode.app/Contents/Developer//Platforms/iPhoneOS.platform/Developer//SDKs/iPhoneOS6.0.sdk/usr/include/ -Wall -L/Applications/Xcode.app/Contents/Developer//Platforms/iPhoneOS.platform/Developer//SDKs/iPhoneOS6.0.sdk/usr/lib -F/Applications/Xcode.app/Contents/Developer//Platforms/iPhoneOS.platform/Developer//SDKs/iPhoneOS6.0.sdk/System/Library/Frameworks -march=armv7s -mthumb -O3 -E  conftest.c >/dev/null 2>conftest.out
configure:8796: checking for unistd.h
configure:8806: /Applications/Xcode.app/Contents/Developer//Platforms/iPhoneOS.platform/Developer//usr/bin/arm-apple-darwin10-llvm-gcc-4.2 -isysroot /Applications/Xcode.app/Contents/Developer//Platforms/iPhoneOS.platform/Developer//SDKs/iPhoneOS6.0.sdk -no-cpp-precomp -pipe -I/Applications/Xcode.app/Contents/Developer//Platforms/iPhoneOS.platform/Developer//SDKs/iPhoneOS6.0.sdk/usr/include/ -Wall -L/Applications/Xcode.app/Contents/Developer//Platforms/iPhoneOS.platform/Developer//SDKs/iPhoneOS6.0.sdk/usr/lib -F/Applications/Xcode.app/Contents/Developer//Platforms/iPhoneOS.platform/Developer//SDKs/iPhoneOS6.0.sdk/System/Library/Frameworks -march=armv7s -mthumb -O3 -E  conftest.c >/dev/null 2>conftest.out
configure:8836: checking for gnu/libc-version.h
configure:8846: /Applications/Xcode.app/Contents/Developer//Platforms/iPhoneOS.platform/Developer//usr/bin/arm-apple-darwin10-llvm-gcc-4.2 -isysroot /Applications/Xcode.app/Contents/Developer//Platforms/iPhoneOS.platform/Developer//SDKs/iPhoneOS6.0.sdk -no-cpp-precomp -pipe -I/Applications/Xcode.app/Contents/Developer//Platforms/iPhoneOS.platform/Developer//SDKs/iPhoneOS6.0.sdk/usr/include/ -Wall -L/Applications/Xcode.app/Contents/Developer//Platforms/iPhoneOS.platform/Developer//SDKs/iPhoneOS6.0.sdk/usr/lib -F/Applications/Xcode.app/Contents/Developer//Platforms/iPhoneOS.platform/Developer//SDKs/iPhoneOS6.0.sdk/System/Library/Frameworks -march=armv7s -mthumb -O3 -E  conftest.c >/dev/null 2>conftest.out
configure:8842:30: error: gnu/libc-version.h: No such file or directory
configure: failed program was:
#line 8841 "configure"
#include "confdefs.h"
#include <gnu/libc-version.h>
configure:8836: checking for nl_types.h
configure:8846: /Applications/Xcode.app/Contents/Developer//Platforms/iPhoneOS.platform/Developer//usr/bin/arm-apple-darwin10-llvm-gcc-4.2 -isysroot /Applications/Xcode.app/Contents/Developer//Platforms/iPhoneOS.platform/Developer//SDKs/iPhoneOS6.0.sdk -no-cpp-precomp -pipe -I/Applications/Xcode.app/Contents/Developer//Platforms/iPhoneOS.platform/Developer//SDKs/iPhoneOS6.0.sdk/usr/include/ -Wall -L/Applications/Xcode.app/Contents/Developer//Platforms/iPhoneOS.platform/Developer//SDKs/iPhoneOS6.0.sdk/usr/lib -F/Applications/Xcode.app/Contents/Developer//Platforms/iPhoneOS.platform/Developer//SDKs/iPhoneOS6.0.sdk/System/Library/Frameworks -march=armv7s -mthumb -O3 -E  conftest.c >/dev/null 2>conftest.out
configure:8876: checking for malloc.h
configure:8886: /Applications/Xcode.app/Contents/Developer//Platforms/iPhoneOS.platform/Developer//usr/bin/arm-apple-darwin10-llvm-gcc-4.2 -isysroot /Applications/Xcode.app/Contents/Developer//Platforms/iPhoneOS.platform/Developer//SDKs/iPhoneOS6.0.sdk -no-cpp-precomp -pipe -I/Applications/Xcode.app/Contents/Developer//Platforms/iPhoneOS.platform/Developer//SDKs/iPhoneOS6.0.sdk/usr/include/ -Wall -L/Applications/Xcode.app/Contents/Developer//Platforms/iPhoneOS.platform/Developer//SDKs/iPhoneOS6.0.sdk/usr/lib -F/Applications/Xcode.app/Contents/Developer//Platforms/iPhoneOS.platform/Developer//SDKs/iPhoneOS6.0.sdk/System/Library/Frameworks -march=armv7s -mthumb -O3 -E  conftest.c >/dev/null 2>conftest.out
configure:8882:20: error: malloc.h: No such file or directory
configure: failed program was:
#line 8881 "configure"
#include "confdefs.h"
#include <malloc.h>
configure:8916: checking for X11/XKBlib.h
configure:8926: /Applications/Xcode.app/Contents/Developer//Platforms/iPhoneOS.platform/Developer//usr/bin/arm-apple-darwin10-llvm-gcc-4.2 -isysroot /Applications/Xcode.app/Contents/Developer//Platforms/iPhoneOS.platform/Developer//SDKs/iPhoneOS6.0.sdk -no-cpp-precomp -pipe -I/Applications/Xcode.app/Contents/Developer//Platforms/iPhoneOS.platform/Developer//SDKs/iPhoneOS6.0.sdk/usr/include/ -Wall -L/Applications/Xcode.app/Contents/Developer//Platforms/iPhoneOS.platform/Developer//SDKs/iPhoneOS6.0.sdk/usr/lib -F/Applications/Xcode.app/Contents/Developer//Platforms/iPhoneOS.platform/Developer//SDKs/iPhoneOS6.0.sdk/System/Library/Frameworks -march=armv7s -mthumb -O3 -E  conftest.c >/dev/null 2>conftest.out
configure:8922:24: error: X11/XKBlib.h: No such file or directory
configure: failed program was:
#line 8921 "configure"
#include "confdefs.h"
#include <X11/XKBlib.h>
configure:8957: checking for sys/statvfs.h
configure:8967: /Applications/Xcode.app/Contents/Developer//Platforms/iPhoneOS.platform/Developer//usr/bin/arm-apple-darwin10-llvm-gcc-4.2 -isysroot /Applications/Xcode.app/Contents/Developer//Platforms/iPhoneOS.platform/Developer//SDKs/iPhoneOS6.0.sdk -no-cpp-precomp -pipe -I/Applications/Xcode.app/Contents/Developer//Platforms/iPhoneOS.platform/Developer//SDKs/iPhoneOS6.0.sdk/usr/include/ -Wall -L/Applications/Xcode.app/Contents/Developer//Platforms/iPhoneOS.platform/Developer//SDKs/iPhoneOS6.0.sdk/usr/lib -F/Applications/Xcode.app/Contents/Developer//Platforms/iPhoneOS.platform/Developer//SDKs/iPhoneOS6.0.sdk/System/Library/Frameworks -march=armv7s -mthumb -O3 -E  conftest.c >/dev/null 2>conftest.out
configure:8957: checking for sys/statfs.h
configure:8967: /Applications/Xcode.app/Contents/Developer//Platforms/iPhoneOS.platform/Developer//usr/bin/arm-apple-darwin10-llvm-gcc-4.2 -isysroot /Applications/Xcode.app/Contents/Developer//Platforms/iPhoneOS.platform/Developer//SDKs/iPhoneOS6.0.sdk -no-cpp-precomp -pipe -I/Applications/Xcode.app/Contents/Developer//Platforms/iPhoneOS.platform/Developer//SDKs/iPhoneOS6.0.sdk/usr/include/ -Wall -L/Applications/Xcode.app/Contents/Developer//Platforms/iPhoneOS.platform/Developer//SDKs/iPhoneOS6.0.sdk/usr/lib -F/Applications/Xcode.app/Contents/Developer//Platforms/iPhoneOS.platform/Developer//SDKs/iPhoneOS6.0.sdk/System/Library/Frameworks -march=armv7s -mthumb -O3 -E  conftest.c >/dev/null 2>conftest.out
configure:8963:24: error: sys/statfs.h: No such file or directory
configure: failed program was:
#line 8962 "configure"
#include "confdefs.h"
#include <sys/statfs.h>
configure:8957: checking for sys/vfs.h
configure:8967: /Applications/Xcode.app/Contents/Developer//Platforms/iPhoneOS.platform/Developer//usr/bin/arm-apple-darwin10-llvm-gcc-4.2 -isysroot /Applications/Xcode.app/Contents/Developer//Platforms/iPhoneOS.platform/Developer//SDKs/iPhoneOS6.0.sdk -no-cpp-precomp -pipe -I/Applications/Xcode.app/Contents/Developer//Platforms/iPhoneOS.platform/Developer//SDKs/iPhoneOS6.0.sdk/usr/include/ -Wall -L/Applications/Xcode.app/Contents/Developer//Platforms/iPhoneOS.platform/Developer//SDKs/iPhoneOS6.0.sdk/usr/lib -F/Applications/Xcode.app/Contents/Developer//Platforms/iPhoneOS.platform/Developer//SDKs/iPhoneOS6.0.sdk/System/Library/Frameworks -march=armv7s -mthumb -O3 -E  conftest.c >/dev/null 2>conftest.out
configure:8963:21: error: sys/vfs.h: No such file or directory
configure: failed program was:
#line 8962 "configure"
#include "confdefs.h"
#include <sys/vfs.h>
configure:8957: checking for sys/mount.h
configure:8967: /Applications/Xcode.app/Contents/Developer//Platforms/iPhoneOS.platform/Developer//usr/bin/arm-apple-darwin10-llvm-gcc-4.2 -isysroot /Applications/Xcode.app/Contents/Developer//Platforms/iPhoneOS.platform/Developer//SDKs/iPhoneOS6.0.sdk -no-cpp-precomp -pipe -I/Applications/Xcode.app/Contents/Developer//Platforms/iPhoneOS.platform/Developer//SDKs/iPhoneOS6.0.sdk/usr/include/ -Wall -L/Applications/Xcode.app/Contents/Developer//Platforms/iPhoneOS.platform/Developer//SDKs/iPhoneOS6.0.sdk/usr/lib -F/Applications/Xcode.app/Contents/Developer//Platforms/iPhoneOS.platform/Developer//SDKs/iPhoneOS6.0.sdk/System/Library/Frameworks -march=armv7s -mthumb -O3 -E  conftest.c >/dev/null 2>conftest.out
configure:8998: checking for mmintrin.h
configure:9008: /Applications/Xcode.app/Contents/Developer//Platforms/iPhoneOS.platform/Developer//usr/bin/arm-apple-darwin10-llvm-gcc-4.2 -isysroot /Applications/Xcode.app/Contents/Developer//Platforms/iPhoneOS.platform/Developer//SDKs/iPhoneOS6.0.sdk -no-cpp-precomp -pipe -I/Applications/Xcode.app/Contents/Developer//Platforms/iPhoneOS.platform/Developer//SDKs/iPhoneOS6.0.sdk/usr/include/ -Wall -L/Applications/Xcode.app/Contents/Developer//Platforms/iPhoneOS.platform/Developer//SDKs/iPhoneOS6.0.sdk/usr/lib -F/Applications/Xcode.app/Contents/Developer//Platforms/iPhoneOS.platform/Developer//SDKs/iPhoneOS6.0.sdk/System/Library/Frameworks -march=armv7s -mthumb -O3 -E  conftest.c >/dev/null 2>conftest.out
configure:9004:22: error: mmintrin.h: No such file or directory
configure: failed program was:
#line 9003 "configure"
#include "confdefs.h"
#include <mmintrin.h>
configure:9045: checking for new
configure:9055: /Applications/Xcode.app/Contents/Developer//Platforms/iPhoneOS.platform/Developer//usr/bin/arm-apple-darwin10-llvm-g++-4.2 -isysroot /Applications/Xcode.app/Contents/Developer//Platforms/iPhoneOS.platform/Developer//SDKs/iPhoneOS6.0.sdk -no-cpp-precomp -pipe -I/Applications/Xcode.app/Contents/Developer//Platforms/iPhoneOS.platform/Developer//SDKs/iPhoneOS6.0.sdk/usr/include/ -Wall -L/Applications/Xcode.app/Contents/Developer//Platforms/iPhoneOS.platform/Developer//SDKs/iPhoneOS6.0.sdk/usr/lib -F/Applications/Xcode.app/Contents/Developer//Platforms/iPhoneOS.platform/Developer//SDKs/iPhoneOS6.0.sdk/System/Library/Frameworks -march=armv7s -mthumb -O3 -I/Applications/Xcode.app/Contents/Developer//Platforms/iPhoneOS.platform/Developer//SDKs/iPhoneOS6.0.sdk/usr/include/c++/4.2.1/ -E  conftest.C >/dev/null 2>conftest.out
configure:9147: checking for sys/cdefs.h
configure:9157: /Applications/Xcode.app/Contents/Developer//Platforms/iPhoneOS.platform/Developer//usr/bin/arm-apple-darwin10-llvm-gcc-4.2 -isysroot /Applications/Xcode.app/Contents/Developer//Platforms/iPhoneOS.platform/Developer//SDKs/iPhoneOS6.0.sdk -no-cpp-precomp -pipe -I/Applications/Xcode.app/Contents/Developer//Platforms/iPhoneOS.platform/Developer//SDKs/iPhoneOS6.0.sdk/usr/include/ -Wall -L/Applications/Xcode.app/Contents/Developer//Platforms/iPhoneOS.platform/Developer//SDKs/iPhoneOS6.0.sdk/usr/lib -F/Applications/Xcode.app/Contents/Developer//Platforms/iPhoneOS.platform/Developer//SDKs/iPhoneOS6.0.sdk/System/Library/Frameworks -march=armv7s -mthumb -O3 -E  conftest.c >/dev/null 2>conftest.out
configure:9188: checking for linux/perf_event.h
configure:9198: /Applications/Xcode.app/Contents/Developer//Platforms/iPhoneOS.platform/Developer//usr/bin/arm-apple-darwin10-llvm-gcc-4.2 -isysroot /Applications/Xcode.app/Contents/Developer//Platforms/iPhoneOS.platform/Developer//SDKs/iPhoneOS6.0.sdk -no-cpp-precomp -pipe -I/Applications/Xcode.app/Contents/Developer//Platforms/iPhoneOS.platform/Developer//SDKs/iPhoneOS6.0.sdk/usr/include/ -Wall -L/Applications/Xcode.app/Contents/Developer//Platforms/iPhoneOS.platform/Developer//SDKs/iPhoneOS6.0.sdk/usr/lib -F/Applications/Xcode.app/Contents/Developer//Platforms/iPhoneOS.platform/Developer//SDKs/iPhoneOS6.0.sdk/System/Library/Frameworks -march=armv7s -mthumb -O3 -E  conftest.c >/dev/null 2>conftest.out
configure:9194:30: error: linux/perf_event.h: No such file or directory
configure: failed program was:
#line 9193 "configure"
#include "confdefs.h"
#include <linux/perf_event.h>
configure:9226: checking for gethostbyname_r in -lc_r
configure:9245: /Applications/Xcode.app/Contents/Developer//Platforms/iPhoneOS.platform/Developer//usr/bin/arm-apple-darwin10-llvm-gcc-4.2 -isysroot /Applications/Xcode.app/Contents/Developer//Platforms/iPhoneOS.platform/Developer//SDKs/iPhoneOS6.0.sdk -no-cpp-precomp -pipe -I/Applications/Xcode.app/Contents/Developer//Platforms/iPhoneOS.platform/Developer//SDKs/iPhoneOS6.0.sdk/usr/include/ -Wall -L/Applications/Xcode.app/Contents/Developer//Platforms/iPhoneOS.platform/Developer//SDKs/iPhoneOS6.0.sdk/usr/lib -F/Applications/Xcode.app/Contents/Developer//Platforms/iPhoneOS.platform/Developer//SDKs/iPhoneOS6.0.sdk/System/Library/Frameworks -march=armv7s -mthumb -O3 -o conftest  -fno-strict-aliasing -fpascal-strings -fno-common  -L/Applications/Xcode.app/Contents/Developer//Platforms/iPhoneOS.platform/Developer//SDKs/iPhoneOS6.0.sdk/usr/lib -lobjc conftest.c -lc_r   1>&5
ld: library not found for -lc_r
collect2: ld returned 1 exit status
configure: failed program was:
#line 9234 "configure"
#include "confdefs.h"
/* Override any gcc2 internal prototype to avoid an error.  */
/* We use char because int might match the return type of a gcc2
    builtin and then its argument prototype would still apply.  */
char gethostbyname_r();

int main() {
gethostbyname_r()
; return 0; }
configure:9414: checking for dladdr
configure:9442: /Applications/Xcode.app/Contents/Developer//Platforms/iPhoneOS.platform/Developer//usr/bin/arm-apple-darwin10-llvm-gcc-4.2 -isysroot /Applications/Xcode.app/Contents/Developer//Platforms/iPhoneOS.platform/Developer//SDKs/iPhoneOS6.0.sdk -no-cpp-precomp -pipe -I/Applications/Xcode.app/Contents/Developer//Platforms/iPhoneOS.platform/Developer//SDKs/iPhoneOS6.0.sdk/usr/include/ -Wall -L/Applications/Xcode.app/Contents/Developer//Platforms/iPhoneOS.platform/Developer//SDKs/iPhoneOS6.0.sdk/usr/lib -F/Applications/Xcode.app/Contents/Developer//Platforms/iPhoneOS.platform/Developer//SDKs/iPhoneOS6.0.sdk/System/Library/Frameworks -march=armv7s -mthumb -O3 -o conftest  -fno-strict-aliasing -fpascal-strings -fno-common -D_GNU_SOURCE  -L/Applications/Xcode.app/Contents/Developer//Platforms/iPhoneOS.platform/Developer//SDKs/iPhoneOS6.0.sdk/usr/lib -lobjc conftest.c  1>&5
ld: library not found for -lgcc_s.10.4
collect2: ld returned 1 exit status
configure: failed program was:
#line 9419 "configure"
#include "confdefs.h"
/* System header to define __stub macros and hopefully few prototypes,
    which can conflict with char dladdr(); below.  */
#include <assert.h>
/* Override any gcc2 internal prototype to avoid an error.  */
/* We use char because int might match the return type of a gcc2
    builtin and then its argument prototype would still apply.  */
char dladdr();

int main() {

/* The GNU C library defines this for functions which it implements
    to always fail with ENOSYS.  Some functions are actually named
    something starting with __ and the normal name is an alias.  */
#if defined (__stub_dladdr) || defined (__stub___dladdr)
choke me
#else
dladdr();
#endif

; return 0; }
configure:9577: checking for socket in -lsocket
configure:9596: /Applications/Xcode.app/Contents/Developer//Platforms/iPhoneOS.platform/Developer//usr/bin/arm-apple-darwin10-llvm-gcc-4.2 -isysroot /Applications/Xcode.app/Contents/Developer//Platforms/iPhoneOS.platform/Developer//SDKs/iPhoneOS6.0.sdk -no-cpp-precomp -pipe -I/Applications/Xcode.app/Contents/Developer//Platforms/iPhoneOS.platform/Developer//SDKs/iPhoneOS6.0.sdk/usr/include/ -Wall -L/Applications/Xcode.app/Contents/Developer//Platforms/iPhoneOS.platform/Developer//SDKs/iPhoneOS6.0.sdk/usr/lib -F/Applications/Xcode.app/Contents/Developer//Platforms/iPhoneOS.platform/Developer//SDKs/iPhoneOS6.0.sdk/System/Library/Frameworks -march=armv7s -mthumb -O3 -o conftest  -fno-strict-aliasing -fpascal-strings -fno-common  -L/Applications/Xcode.app/Contents/Developer//Platforms/iPhoneOS.platform/Developer//SDKs/iPhoneOS6.0.sdk/usr/lib -lobjc conftest.c -lsocket   1>&5
ld: library not found for -lsocket
collect2: ld returned 1 exit status
configure: failed program was:
#line 9585 "configure"
#include "confdefs.h"
/* Override any gcc2 internal prototype to avoid an error.  */
/* We use char because int might match the return type of a gcc2
    builtin and then its argument prototype would still apply.  */
char socket();

int main() {
socket()
; return 0; }
configure:9760: checking whether /Applications/Xcode.app/Contents/Developer//Platforms/iPhoneOS.platform/Developer//usr/bin/arm-apple-darwin10-llvm-gcc-4.2 -isysroot /Applications/Xcode.app/Contents/Developer//Platforms/iPhoneOS.platform/Developer//SDKs/iPhoneOS6.0.sdk -no-cpp-precomp -pipe -I/Applications/Xcode.app/Contents/Developer//Platforms/iPhoneOS.platform/Developer//SDKs/iPhoneOS6.0.sdk/usr/include/ -Wall -L/Applications/Xcode.app/Contents/Developer//Platforms/iPhoneOS.platform/Developer//SDKs/iPhoneOS6.0.sdk/usr/lib -F/Applications/Xcode.app/Contents/Developer//Platforms/iPhoneOS.platform/Developer//SDKs/iPhoneOS6.0.sdk/System/Library/Frameworks -march=armv7s -mthumb -O3 accepts -pthread
configure:9783: checking whether /Applications/Xcode.app/Contents/Developer//Platforms/iPhoneOS.platform/Developer//usr/bin/arm-apple-darwin10-llvm-gcc-4.2 -isysroot /Applications/Xcode.app/Contents/Developer//Platforms/iPhoneOS.platform/Developer//SDKs/iPhoneOS6.0.sdk -no-cpp-precomp -pipe -I/Applications/Xcode.app/Contents/Developer//Platforms/iPhoneOS.platform/Developer//SDKs/iPhoneOS6.0.sdk/usr/include/ -Wall -L/Applications/Xcode.app/Contents/Developer//Platforms/iPhoneOS.platform/Developer//SDKs/iPhoneOS6.0.sdk/usr/lib -F/Applications/Xcode.app/Contents/Developer//Platforms/iPhoneOS.platform/Developer//SDKs/iPhoneOS6.0.sdk/System/Library/Frameworks -march=armv7s -mthumb -O3 accepts -pthreads
configure:9878: checking whether mmap() sees write()s
configure:9946: checking whether /Applications/Xcode.app/Contents/Developer//Platforms/iPhoneOS.platform/Developer//usr/bin/arm-apple-darwin10-llvm-gcc-4.2 -isysroot /Applications/Xcode.app/Contents/Developer//Platforms/iPhoneOS.platform/Developer//SDKs/iPhoneOS6.0.sdk -no-cpp-precomp -pipe -I/Applications/Xcode.app/Contents/Developer//Platforms/iPhoneOS.platform/Developer//SDKs/iPhoneOS6.0.sdk/usr/include/ -Wall -L/Applications/Xcode.app/Contents/Developer//Platforms/iPhoneOS.platform/Developer//SDKs/iPhoneOS6.0.sdk/usr/lib -F/Applications/Xcode.app/Contents/Developer//Platforms/iPhoneOS.platform/Developer//SDKs/iPhoneOS6.0.sdk/System/Library/Frameworks -march=armv7s -mthumb -O3 needs -traditional
configure:9953:19: error: sgtty.h: No such file or directory
configure:9971:20: error: termio.h: No such file or directory
configure:9992: checking for 8-bit clean memcmp
configure:10033: checking for fchmod
configure:10061: /Applications/Xcode.app/Contents/Developer//Platforms/iPhoneOS.platform/Developer//usr/bin/arm-apple-darwin10-llvm-gcc-4.2 -isysroot /Applications/Xcode.app/Contents/Developer//Platforms/iPhoneOS.platform/Developer//SDKs/iPhoneOS6.0.sdk -no-cpp-precomp -pipe -I/Applications/Xcode.app/Contents/Developer//Platforms/iPhoneOS.platform/Developer//SDKs/iPhoneOS6.0.sdk/usr/include/ -Wall -L/Applications/Xcode.app/Contents/Developer//Platforms/iPhoneOS.platform/Developer//SDKs/iPhoneOS6.0.sdk/usr/lib -F/Applications/Xcode.app/Contents/Developer//Platforms/iPhoneOS.platform/Developer//SDKs/iPhoneOS6.0.sdk/System/Library/Frameworks -march=armv7s -mthumb -O3 -o conftest  -fno-strict-aliasing -fpascal-strings -fno-common   -L/Applications/Xcode.app/Contents/Developer//Platforms/iPhoneOS.platform/Developer//SDKs/iPhoneOS6.0.sdk/usr/lib -lobjc conftest.c  1>&5
ld: library not found for -lgcc_s.10.4
collect2: ld returned 1 exit status
configure: failed program was:
#line 10038 "configure"
#include "confdefs.h"
/* System header to define __stub macros and hopefully few prototypes,
    which can conflict with char fchmod(); below.  */
#include <assert.h>
/* Override any gcc2 internal prototype to avoid an error.  */
/* We use char because int might match the return type of a gcc2
    builtin and then its argument prototype would still apply.  */
char fchmod();

int main() {

/* The GNU C library defines this for functions which it implements
    to always fail with ENOSYS.  Some functions are actually named
    something starting with __ and the normal name is an alias.  */
#if defined (__stub_fchmod) || defined (__stub___fchmod)
choke me
#else
fchmod();
#endif

; return 0; }
configure:10033: checking for flockfile
configure:10061: /Applications/Xcode.app/Contents/Developer//Platforms/iPhoneOS.platform/Developer//usr/bin/arm-apple-darwin10-llvm-gcc-4.2 -isysroot /Applications/Xcode.app/Contents/Developer//Platforms/iPhoneOS.platform/Developer//SDKs/iPhoneOS6.0.sdk -no-cpp-precomp -pipe -I/Applications/Xcode.app/Contents/Developer//Platforms/iPhoneOS.platform/Developer//SDKs/iPhoneOS6.0.sdk/usr/include/ -Wall -L/Applications/Xcode.app/Contents/Developer//Platforms/iPhoneOS.platform/Developer//SDKs/iPhoneOS6.0.sdk/usr/lib -F/Applications/Xcode.app/Contents/Developer//Platforms/iPhoneOS.platform/Developer//SDKs/iPhoneOS6.0.sdk/System/Library/Frameworks -march=armv7s -mthumb -O3 -o conftest  -fno-strict-aliasing -fpascal-strings -fno-common   -L/Applications/Xcode.app/Contents/Developer//Platforms/iPhoneOS.platform/Developer//SDKs/iPhoneOS6.0.sdk/usr/lib -lobjc conftest.c  1>&5
ld: library not found for -lgcc_s.10.4
collect2: ld returned 1 exit status
configure: failed program was:
#line 10038 "configure"
#include "confdefs.h"
/* System header to define __stub macros and hopefully few prototypes,
    which can conflict with char flockfile(); below.  */
#include <assert.h>
/* Override any gcc2 internal prototype to avoid an error.  */
/* We use char because int might match the return type of a gcc2
    builtin and then its argument prototype would still apply.  */
char flockfile();

int main() {

/* The GNU C library defines this for functions which it implements
    to always fail with ENOSYS.  Some functions are actually named
    something starting with __ and the normal name is an alias.  */
#if defined (__stub_flockfile) || defined (__stub___flockfile)
choke me
#else
flockfile();
#endif

; return 0; }
configure:10033: checking for getc_unlocked
configure:10061: /Applications/Xcode.app/Contents/Developer//Platforms/iPhoneOS.platform/Developer//usr/bin/arm-apple-darwin10-llvm-gcc-4.2 -isysroot /Applications/Xcode.app/Contents/Developer//Platforms/iPhoneOS.platform/Developer//SDKs/iPhoneOS6.0.sdk -no-cpp-precomp -pipe -I/Applications/Xcode.app/Contents/Developer//Platforms/iPhoneOS.platform/Developer//SDKs/iPhoneOS6.0.sdk/usr/include/ -Wall -L/Applications/Xcode.app/Contents/Developer//Platforms/iPhoneOS.platform/Developer//SDKs/iPhoneOS6.0.sdk/usr/lib -F/Applications/Xcode.app/Contents/Developer//Platforms/iPhoneOS.platform/Developer//SDKs/iPhoneOS6.0.sdk/System/Library/Frameworks -march=armv7s -mthumb -O3 -o conftest  -fno-strict-aliasing -fpascal-strings -fno-common   -L/Applications/Xcode.app/Contents/Developer//Platforms/iPhoneOS.platform/Developer//SDKs/iPhoneOS6.0.sdk/usr/lib -lobjc conftest.c  1>&5
ld: library not found for -lgcc_s.10.4
collect2: ld returned 1 exit status
configure: failed program was:
#line 10038 "configure"
#include "confdefs.h"
/* System header to define __stub macros and hopefully few prototypes,
    which can conflict with char getc_unlocked(); below.  */
#include <assert.h>
/* Override any gcc2 internal prototype to avoid an error.  */
/* We use char because int might match the return type of a gcc2
    builtin and then its argument prototype would still apply.  */
char getc_unlocked();

int main() {

/* The GNU C library defines this for functions which it implements
    to always fail with ENOSYS.  Some functions are actually named
    something starting with __ and the normal name is an alias.  */
#if defined (__stub_getc_unlocked) || defined (__stub___getc_unlocked)
choke me
#else
getc_unlocked();
#endif

; return 0; }
configure:10033: checking for _getc_nolock
configure:10061: /Applications/Xcode.app/Contents/Developer//Platforms/iPhoneOS.platform/Developer//usr/bin/arm-apple-darwin10-llvm-gcc-4.2 -isysroot /Applications/Xcode.app/Contents/Developer//Platforms/iPhoneOS.platform/Developer//SDKs/iPhoneOS6.0.sdk -no-cpp-precomp -pipe -I/Applications/Xcode.app/Contents/Developer//Platforms/iPhoneOS.platform/Developer//SDKs/iPhoneOS6.0.sdk/usr/include/ -Wall -L/Applications/Xcode.app/Contents/Developer//Platforms/iPhoneOS.platform/Developer//SDKs/iPhoneOS6.0.sdk/usr/lib -F/Applications/Xcode.app/Contents/Developer//Platforms/iPhoneOS.platform/Developer//SDKs/iPhoneOS6.0.sdk/System/Library/Frameworks -march=armv7s -mthumb -O3 -o conftest  -fno-strict-aliasing -fpascal-strings -fno-common   -L/Applications/Xcode.app/Contents/Developer//Platforms/iPhoneOS.platform/Developer//SDKs/iPhoneOS6.0.sdk/usr/lib -lobjc conftest.c  1>&5
ld: library not found for -lgcc_s.10.4
collect2: ld returned 1 exit status
configure: failed program was:
#line 10038 "configure"
#include "confdefs.h"
/* System header to define __stub macros and hopefully few prototypes,
    which can conflict with char _getc_nolock(); below.  */
#include <assert.h>
/* Override any gcc2 internal prototype to avoid an error.  */
/* We use char because int might match the return type of a gcc2
    builtin and then its argument prototype would still apply.  */
char _getc_nolock();

int main() {

/* The GNU C library defines this for functions which it implements
    to always fail with ENOSYS.  Some functions are actually named
    something starting with __ and the normal name is an alias.  */
#if defined (__stub__getc_nolock) || defined (__stub____getc_nolock)
choke me
#else
_getc_nolock();
#endif

; return 0; }
configure:10033: checking for getpagesize
configure:10061: /Applications/Xcode.app/Contents/Developer//Platforms/iPhoneOS.platform/Developer//usr/bin/arm-apple-darwin10-llvm-gcc-4.2 -isysroot /Applications/Xcode.app/Contents/Developer//Platforms/iPhoneOS.platform/Developer//SDKs/iPhoneOS6.0.sdk -no-cpp-precomp -pipe -I/Applications/Xcode.app/Contents/Developer//Platforms/iPhoneOS.platform/Developer//SDKs/iPhoneOS6.0.sdk/usr/include/ -Wall -L/Applications/Xcode.app/Contents/Developer//Platforms/iPhoneOS.platform/Developer//SDKs/iPhoneOS6.0.sdk/usr/lib -F/Applications/Xcode.app/Contents/Developer//Platforms/iPhoneOS.platform/Developer//SDKs/iPhoneOS6.0.sdk/System/Library/Frameworks -march=armv7s -mthumb -O3 -o conftest  -fno-strict-aliasing -fpascal-strings -fno-common   -L/Applications/Xcode.app/Contents/Developer//Platforms/iPhoneOS.platform/Developer//SDKs/iPhoneOS6.0.sdk/usr/lib -lobjc conftest.c  1>&5
ld: library not found for -lgcc_s.10.4
collect2: ld returned 1 exit status
configure: failed program was:
#line 10038 "configure"
#include "confdefs.h"
/* System header to define __stub macros and hopefully few prototypes,
    which can conflict with char getpagesize(); below.  */
#include <assert.h>
/* Override any gcc2 internal prototype to avoid an error.  */
/* We use char because int might match the return type of a gcc2
    builtin and then its argument prototype would still apply.  */
char getpagesize();

int main() {

/* The GNU C library defines this for functions which it implements
    to always fail with ENOSYS.  Some functions are actually named
    something starting with __ and the normal name is an alias.  */
#if defined (__stub_getpagesize) || defined (__stub___getpagesize)
choke me
#else
getpagesize();
#endif

; return 0; }
configure:10033: checking for lchown
configure:10061: /Applications/Xcode.app/Contents/Developer//Platforms/iPhoneOS.platform/Developer//usr/bin/arm-apple-darwin10-llvm-gcc-4.2 -isysroot /Applications/Xcode.app/Contents/Developer//Platforms/iPhoneOS.platform/Developer//SDKs/iPhoneOS6.0.sdk -no-cpp-precomp -pipe -I/Applications/Xcode.app/Contents/Developer//Platforms/iPhoneOS.platform/Developer//SDKs/iPhoneOS6.0.sdk/usr/include/ -Wall -L/Applications/Xcode.app/Contents/Developer//Platforms/iPhoneOS.platform/Developer//SDKs/iPhoneOS6.0.sdk/usr/lib -F/Applications/Xcode.app/Contents/Developer//Platforms/iPhoneOS.platform/Developer//SDKs/iPhoneOS6.0.sdk/System/Library/Frameworks -march=armv7s -mthumb -O3 -o conftest  -fno-strict-aliasing -fpascal-strings -fno-common   -L/Applications/Xcode.app/Contents/Developer//Platforms/iPhoneOS.platform/Developer//SDKs/iPhoneOS6.0.sdk/usr/lib -lobjc conftest.c  1>&5
ld: library not found for -lgcc_s.10.4
collect2: ld returned 1 exit status
configure: failed program was:
#line 10038 "configure"
#include "confdefs.h"
/* System header to define __stub macros and hopefully few prototypes,
    which can conflict with char lchown(); below.  */
#include <assert.h>
/* Override any gcc2 internal prototype to avoid an error.  */
/* We use char because int might match the return type of a gcc2
    builtin and then its argument prototype would still apply.  */
char lchown();

int main() {

/* The GNU C library defines this for functions which it implements
    to always fail with ENOSYS.  Some functions are actually named
    something starting with __ and the normal name is an alias.  */
#if defined (__stub_lchown) || defined (__stub___lchown)
choke me
#else
lchown();
#endif

; return 0; }
configure:10033: checking for localtime_r
configure:10061: /Applications/Xcode.app/Contents/Developer//Platforms/iPhoneOS.platform/Developer//usr/bin/arm-apple-darwin10-llvm-gcc-4.2 -isysroot /Applications/Xcode.app/Contents/Developer//Platforms/iPhoneOS.platform/Developer//SDKs/iPhoneOS6.0.sdk -no-cpp-precomp -pipe -I/Applications/Xcode.app/Contents/Developer//Platforms/iPhoneOS.platform/Developer//SDKs/iPhoneOS6.0.sdk/usr/include/ -Wall -L/Applications/Xcode.app/Contents/Developer//Platforms/iPhoneOS.platform/Developer//SDKs/iPhoneOS6.0.sdk/usr/lib -F/Applications/Xcode.app/Contents/Developer//Platforms/iPhoneOS.platform/Developer//SDKs/iPhoneOS6.0.sdk/System/Library/Frameworks -march=armv7s -mthumb -O3 -o conftest  -fno-strict-aliasing -fpascal-strings -fno-common   -L/Applications/Xcode.app/Contents/Developer//Platforms/iPhoneOS.platform/Developer//SDKs/iPhoneOS6.0.sdk/usr/lib -lobjc conftest.c  1>&5
ld: library not found for -lgcc_s.10.4
collect2: ld returned 1 exit status
configure: failed program was:
#line 10038 "configure"
#include "confdefs.h"
/* System header to define __stub macros and hopefully few prototypes,
    which can conflict with char localtime_r(); below.  */
#include <assert.h>
/* Override any gcc2 internal prototype to avoid an error.  */
/* We use char because int might match the return type of a gcc2
    builtin and then its argument prototype would still apply.  */
char localtime_r();

int main() {

/* The GNU C library defines this for functions which it implements
    to always fail with ENOSYS.  Some functions are actually named
    something starting with __ and the normal name is an alias.  */
#if defined (__stub_localtime_r) || defined (__stub___localtime_r)
choke me
#else
localtime_r();
#endif

; return 0; }
configure:10033: checking for lstat64
configure:10061: /Applications/Xcode.app/Contents/Developer//Platforms/iPhoneOS.platform/Developer//usr/bin/arm-apple-darwin10-llvm-gcc-4.2 -isysroot /Applications/Xcode.app/Contents/Developer//Platforms/iPhoneOS.platform/Developer//SDKs/iPhoneOS6.0.sdk -no-cpp-precomp -pipe -I/Applications/Xcode.app/Contents/Developer//Platforms/iPhoneOS.platform/Developer//SDKs/iPhoneOS6.0.sdk/usr/include/ -Wall -L/Applications/Xcode.app/Contents/Developer//Platforms/iPhoneOS.platform/Developer//SDKs/iPhoneOS6.0.sdk/usr/lib -F/Applications/Xcode.app/Contents/Developer//Platforms/iPhoneOS.platform/Developer//SDKs/iPhoneOS6.0.sdk/System/Library/Frameworks -march=armv7s -mthumb -O3 -o conftest  -fno-strict-aliasing -fpascal-strings -fno-common   -L/Applications/Xcode.app/Contents/Developer//Platforms/iPhoneOS.platform/Developer//SDKs/iPhoneOS6.0.sdk/usr/lib -lobjc conftest.c  1>&5
ld: library not found for -lgcc_s.10.4
collect2: ld returned 1 exit status
configure: failed program was:
#line 10038 "configure"
#include "confdefs.h"
/* System header to define __stub macros and hopefully few prototypes,
    which can conflict with char lstat64(); below.  */
#include <assert.h>
/* Override any gcc2 internal prototype to avoid an error.  */
/* We use char because int might match the return type of a gcc2
    builtin and then its argument prototype would still apply.  */
char lstat64();

int main() {

/* The GNU C library defines this for functions which it implements
    to always fail with ENOSYS.  Some functions are actually named
    something starting with __ and the normal name is an alias.  */
#if defined (__stub_lstat64) || defined (__stub___lstat64)
choke me
#else
lstat64();
#endif

; return 0; }
configure:10033: checking for memmove
configure:10061: /Applications/Xcode.app/Contents/Developer//Platforms/iPhoneOS.platform/Developer//usr/bin/arm-apple-darwin10-llvm-gcc-4.2 -isysroot /Applications/Xcode.app/Contents/Developer//Platforms/iPhoneOS.platform/Developer//SDKs/iPhoneOS6.0.sdk -no-cpp-precomp -pipe -I/Applications/Xcode.app/Contents/Developer//Platforms/iPhoneOS.platform/Developer//SDKs/iPhoneOS6.0.sdk/usr/include/ -Wall -L/Applications/Xcode.app/Contents/Developer//Platforms/iPhoneOS.platform/Developer//SDKs/iPhoneOS6.0.sdk/usr/lib -F/Applications/Xcode.app/Contents/Developer//Platforms/iPhoneOS.platform/Developer//SDKs/iPhoneOS6.0.sdk/System/Library/Frameworks -march=armv7s -mthumb -O3 -o conftest  -fno-strict-aliasing -fpascal-strings -fno-common   -L/Applications/Xcode.app/Contents/Developer//Platforms/iPhoneOS.platform/Developer//SDKs/iPhoneOS6.0.sdk/usr/lib -lobjc conftest.c  1>&5
configure:10045: warning: conflicting types for built-in function 'memmove'
ld: library not found for -lgcc_s.10.4
collect2: ld returned 1 exit status
configure: failed program was:
#line 10038 "configure"
#include "confdefs.h"
/* System header to define __stub macros and hopefully few prototypes,
    which can conflict with char memmove(); below.  */
#include <assert.h>
/* Override any gcc2 internal prototype to avoid an error.  */
/* We use char because int might match the return type of a gcc2
    builtin and then its argument prototype would still apply.  */
char memmove();

int main() {

/* The GNU C library defines this for functions which it implements
    to always fail with ENOSYS.  Some functions are actually named
    something starting with __ and the normal name is an alias.  */
#if defined (__stub_memmove) || defined (__stub___memmove)
choke me
#else
memmove();
#endif

; return 0; }
configure:10033: checking for random
configure:10061: /Applications/Xcode.app/Contents/Developer//Platforms/iPhoneOS.platform/Developer//usr/bin/arm-apple-darwin10-llvm-gcc-4.2 -isysroot /Applications/Xcode.app/Contents/Developer//Platforms/iPhoneOS.platform/Developer//SDKs/iPhoneOS6.0.sdk -no-cpp-precomp -pipe -I/Applications/Xcode.app/Contents/Developer//Platforms/iPhoneOS.platform/Developer//SDKs/iPhoneOS6.0.sdk/usr/include/ -Wall -L/Applications/Xcode.app/Contents/Developer//Platforms/iPhoneOS.platform/Developer//SDKs/iPhoneOS6.0.sdk/usr/lib -F/Applications/Xcode.app/Contents/Developer//Platforms/iPhoneOS.platform/Developer//SDKs/iPhoneOS6.0.sdk/System/Library/Frameworks -march=armv7s -mthumb -O3 -o conftest  -fno-strict-aliasing -fpascal-strings -fno-common   -L/Applications/Xcode.app/Contents/Developer//Platforms/iPhoneOS.platform/Developer//SDKs/iPhoneOS6.0.sdk/usr/lib -lobjc conftest.c  1>&5
ld: library not found for -lgcc_s.10.4
collect2: ld returned 1 exit status
configure: failed program was:
#line 10038 "configure"
#include "confdefs.h"
/* System header to define __stub macros and hopefully few prototypes,
    which can conflict with char random(); below.  */
#include <assert.h>
/* Override any gcc2 internal prototype to avoid an error.  */
/* We use char because int might match the return type of a gcc2
    builtin and then its argument prototype would still apply.  */
char random();

int main() {

/* The GNU C library defines this for functions which it implements
    to always fail with ENOSYS.  Some functions are actually named
    something starting with __ and the normal name is an alias.  */
#if defined (__stub_random) || defined (__stub___random)
choke me
#else
random();
#endif

; return 0; }
configure:10033: checking for rint
configure:10061: /Applications/Xcode.app/Contents/Developer//Platforms/iPhoneOS.platform/Developer//usr/bin/arm-apple-darwin10-llvm-gcc-4.2 -isysroot /Applications/Xcode.app/Contents/Developer//Platforms/iPhoneOS.platform/Developer//SDKs/iPhoneOS6.0.sdk -no-cpp-precomp -pipe -I/Applications/Xcode.app/Contents/Developer//Platforms/iPhoneOS.platform/Developer//SDKs/iPhoneOS6.0.sdk/usr/include/ -Wall -L/Applications/Xcode.app/Contents/Developer//Platforms/iPhoneOS.platform/Developer//SDKs/iPhoneOS6.0.sdk/usr/lib -F/Applications/Xcode.app/Contents/Developer//Platforms/iPhoneOS.platform/Developer//SDKs/iPhoneOS6.0.sdk/System/Library/Frameworks -march=armv7s -mthumb -O3 -o conftest  -fno-strict-aliasing -fpascal-strings -fno-common   -L/Applications/Xcode.app/Contents/Developer//Platforms/iPhoneOS.platform/Developer//SDKs/iPhoneOS6.0.sdk/usr/lib -lobjc conftest.c  1>&5
configure:10045: warning: conflicting types for built-in function 'rint'
ld: library not found for -lgcc_s.10.4
collect2: ld returned 1 exit status
configure: failed program was:
#line 10038 "configure"
#include "confdefs.h"
/* System header to define __stub macros and hopefully few prototypes,
    which can conflict with char rint(); below.  */
#include <assert.h>
/* Override any gcc2 internal prototype to avoid an error.  */
/* We use char because int might match the return type of a gcc2
    builtin and then its argument prototype would still apply.  */
char rint();

int main() {

/* The GNU C library defines this for functions which it implements
    to always fail with ENOSYS.  Some functions are actually named
    something starting with __ and the normal name is an alias.  */
#if defined (__stub_rint) || defined (__stub___rint)
choke me
#else
rint();
#endif

; return 0; }
configure:10033: checking for sbrk
configure:10061: /Applications/Xcode.app/Contents/Developer//Platforms/iPhoneOS.platform/Developer//usr/bin/arm-apple-darwin10-llvm-gcc-4.2 -isysroot /Applications/Xcode.app/Contents/Developer//Platforms/iPhoneOS.platform/Developer//SDKs/iPhoneOS6.0.sdk -no-cpp-precomp -pipe -I/Applications/Xcode.app/Contents/Developer//Platforms/iPhoneOS.platform/Developer//SDKs/iPhoneOS6.0.sdk/usr/include/ -Wall -L/Applications/Xcode.app/Contents/Developer//Platforms/iPhoneOS.platform/Developer//SDKs/iPhoneOS6.0.sdk/usr/lib -F/Applications/Xcode.app/Contents/Developer//Platforms/iPhoneOS.platform/Developer//SDKs/iPhoneOS6.0.sdk/System/Library/Frameworks -march=armv7s -mthumb -O3 -o conftest  -fno-strict-aliasing -fpascal-strings -fno-common   -L/Applications/Xcode.app/Contents/Developer//Platforms/iPhoneOS.platform/Developer//SDKs/iPhoneOS6.0.sdk/usr/lib -lobjc conftest.c  1>&5
ld: library not found for -lgcc_s.10.4
collect2: ld returned 1 exit status
configure: failed program was:
#line 10038 "configure"
#include "confdefs.h"
/* System header to define __stub macros and hopefully few prototypes,
    which can conflict with char sbrk(); below.  */
#include <assert.h>
/* Override any gcc2 internal prototype to avoid an error.  */
/* We use char because int might match the return type of a gcc2
    builtin and then its argument prototype would still apply.  */
char sbrk();

int main() {

/* The GNU C library defines this for functions which it implements
    to always fail with ENOSYS.  Some functions are actually named
    something starting with __ and the normal name is an alias.  */
#if defined (__stub_sbrk) || defined (__stub___sbrk)
choke me
#else
sbrk();
#endif

; return 0; }
configure:10033: checking for snprintf
configure:10061: /Applications/Xcode.app/Contents/Developer//Platforms/iPhoneOS.platform/Developer//usr/bin/arm-apple-darwin10-llvm-gcc-4.2 -isysroot /Applications/Xcode.app/Contents/Developer//Platforms/iPhoneOS.platform/Developer//SDKs/iPhoneOS6.0.sdk -no-cpp-precomp -pipe -I/Applications/Xcode.app/Contents/Developer//Platforms/iPhoneOS.platform/Developer//SDKs/iPhoneOS6.0.sdk/usr/include/ -Wall -L/Applications/Xcode.app/Contents/Developer//Platforms/iPhoneOS.platform/Developer//SDKs/iPhoneOS6.0.sdk/usr/lib -F/Applications/Xcode.app/Contents/Developer//Platforms/iPhoneOS.platform/Developer//SDKs/iPhoneOS6.0.sdk/System/Library/Frameworks -march=armv7s -mthumb -O3 -o conftest  -fno-strict-aliasing -fpascal-strings -fno-common   -L/Applications/Xcode.app/Contents/Developer//Platforms/iPhoneOS.platform/Developer//SDKs/iPhoneOS6.0.sdk/usr/lib -lobjc conftest.c  1>&5
configure:10045: warning: conflicting types for built-in function 'snprintf'
ld: library not found for -lgcc_s.10.4
collect2: ld returned 1 exit status
configure: failed program was:
#line 10038 "configure"
#include "confdefs.h"
/* System header to define __stub macros and hopefully few prototypes,
    which can conflict with char snprintf(); below.  */
#include <assert.h>
/* Override any gcc2 internal prototype to avoid an error.  */
/* We use char because int might match the return type of a gcc2
    builtin and then its argument prototype would still apply.  */
char snprintf();

int main() {

/* The GNU C library defines this for functions which it implements
    to always fail with ENOSYS.  Some functions are actually named
    something starting with __ and the normal name is an alias.  */
#if defined (__stub_snprintf) || defined (__stub___snprintf)
choke me
#else
snprintf();
#endif

; return 0; }
configure:10033: checking for stat64
configure:10061: /Applications/Xcode.app/Contents/Developer//Platforms/iPhoneOS.platform/Developer//usr/bin/arm-apple-darwin10-llvm-gcc-4.2 -isysroot /Applications/Xcode.app/Contents/Developer//Platforms/iPhoneOS.platform/Developer//SDKs/iPhoneOS6.0.sdk -no-cpp-precomp -pipe -I/Applications/Xcode.app/Contents/Developer//Platforms/iPhoneOS.platform/Developer//SDKs/iPhoneOS6.0.sdk/usr/include/ -Wall -L/Applications/Xcode.app/Contents/Developer//Platforms/iPhoneOS.platform/Developer//SDKs/iPhoneOS6.0.sdk/usr/lib -F/Applications/Xcode.app/Contents/Developer//Platforms/iPhoneOS.platform/Developer//SDKs/iPhoneOS6.0.sdk/System/Library/Frameworks -march=armv7s -mthumb -O3 -o conftest  -fno-strict-aliasing -fpascal-strings -fno-common   -L/Applications/Xcode.app/Contents/Developer//Platforms/iPhoneOS.platform/Developer//SDKs/iPhoneOS6.0.sdk/usr/lib -lobjc conftest.c  1>&5
ld: library not found for -lgcc_s.10.4
collect2: ld returned 1 exit status
configure: failed program was:
#line 10038 "configure"
#include "confdefs.h"
/* System header to define __stub macros and hopefully few prototypes,
    which can conflict with char stat64(); below.  */
#include <assert.h>
/* Override any gcc2 internal prototype to avoid an error.  */
/* We use char because int might match the return type of a gcc2
    builtin and then its argument prototype would still apply.  */
char stat64();

int main() {

/* The GNU C library defines this for functions which it implements
    to always fail with ENOSYS.  Some functions are actually named
    something starting with __ and the normal name is an alias.  */
#if defined (__stub_stat64) || defined (__stub___stat64)
choke me
#else
stat64();
#endif

; return 0; }
configure:10033: checking for statvfs
configure:10061: /Applications/Xcode.app/Contents/Developer//Platforms/iPhoneOS.platform/Developer//usr/bin/arm-apple-darwin10-llvm-gcc-4.2 -isysroot /Applications/Xcode.app/Contents/Developer//Platforms/iPhoneOS.platform/Developer//SDKs/iPhoneOS6.0.sdk -no-cpp-precomp -pipe -I/Applications/Xcode.app/Contents/Developer//Platforms/iPhoneOS.platform/Developer//SDKs/iPhoneOS6.0.sdk/usr/include/ -Wall -L/Applications/Xcode.app/Contents/Developer//Platforms/iPhoneOS.platform/Developer//SDKs/iPhoneOS6.0.sdk/usr/lib -F/Applications/Xcode.app/Contents/Developer//Platforms/iPhoneOS.platform/Developer//SDKs/iPhoneOS6.0.sdk/System/Library/Frameworks -march=armv7s -mthumb -O3 -o conftest  -fno-strict-aliasing -fpascal-strings -fno-common   -L/Applications/Xcode.app/Contents/Developer//Platforms/iPhoneOS.platform/Developer//SDKs/iPhoneOS6.0.sdk/usr/lib -lobjc conftest.c  1>&5
ld: library not found for -lgcc_s.10.4
collect2: ld returned 1 exit status
configure: failed program was:
#line 10038 "configure"
#include "confdefs.h"
/* System header to define __stub macros and hopefully few prototypes,
    which can conflict with char statvfs(); below.  */
#include <assert.h>
/* Override any gcc2 internal prototype to avoid an error.  */
/* We use char because int might match the return type of a gcc2
    builtin and then its argument prototype would still apply.  */
char statvfs();

int main() {

/* The GNU C library defines this for functions which it implements
    to always fail with ENOSYS.  Some functions are actually named
    something starting with __ and the normal name is an alias.  */
#if defined (__stub_statvfs) || defined (__stub___statvfs)
choke me
#else
statvfs();
#endif

; return 0; }
configure:10033: checking for statvfs64
configure:10061: /Applications/Xcode.app/Contents/Developer//Platforms/iPhoneOS.platform/Developer//usr/bin/arm-apple-darwin10-llvm-gcc-4.2 -isysroot /Applications/Xcode.app/Contents/Developer//Platforms/iPhoneOS.platform/Developer//SDKs/iPhoneOS6.0.sdk -no-cpp-precomp -pipe -I/Applications/Xcode.app/Contents/Developer//Platforms/iPhoneOS.platform/Developer//SDKs/iPhoneOS6.0.sdk/usr/include/ -Wall -L/Applications/Xcode.app/Contents/Developer//Platforms/iPhoneOS.platform/Developer//SDKs/iPhoneOS6.0.sdk/usr/lib -F/Applications/Xcode.app/Contents/Developer//Platforms/iPhoneOS.platform/Developer//SDKs/iPhoneOS6.0.sdk/System/Library/Frameworks -march=armv7s -mthumb -O3 -o conftest  -fno-strict-aliasing -fpascal-strings -fno-common   -L/Applications/Xcode.app/Contents/Developer//Platforms/iPhoneOS.platform/Developer//SDKs/iPhoneOS6.0.sdk/usr/lib -lobjc conftest.c  1>&5
ld: library not found for -lgcc_s.10.4
collect2: ld returned 1 exit status
configure: failed program was:
#line 10038 "configure"
#include "confdefs.h"
/* System header to define __stub macros and hopefully few prototypes,
    which can conflict with char statvfs64(); below.  */
#include <assert.h>
/* Override any gcc2 internal prototype to avoid an error.  */
/* We use char because int might match the return type of a gcc2
    builtin and then its argument prototype would still apply.  */
char statvfs64();

int main() {

/* The GNU C library defines this for functions which it implements
    to always fail with ENOSYS.  Some functions are actually named
    something starting with __ and the normal name is an alias.  */
#if defined (__stub_statvfs64) || defined (__stub___statvfs64)
choke me
#else
statvfs64();
#endif

; return 0; }
configure:10033: checking for strerror
configure:10061: /Applications/Xcode.app/Contents/Developer//Platforms/iPhoneOS.platform/Developer//usr/bin/arm-apple-darwin10-llvm-gcc-4.2 -isysroot /Applications/Xcode.app/Contents/Developer//Platforms/iPhoneOS.platform/Developer//SDKs/iPhoneOS6.0.sdk -no-cpp-precomp -pipe -I/Applications/Xcode.app/Contents/Developer//Platforms/iPhoneOS.platform/Developer//SDKs/iPhoneOS6.0.sdk/usr/include/ -Wall -L/Applications/Xcode.app/Contents/Developer//Platforms/iPhoneOS.platform/Developer//SDKs/iPhoneOS6.0.sdk/usr/lib -F/Applications/Xcode.app/Contents/Developer//Platforms/iPhoneOS.platform/Developer//SDKs/iPhoneOS6.0.sdk/System/Library/Frameworks -march=armv7s -mthumb -O3 -o conftest  -fno-strict-aliasing -fpascal-strings -fno-common   -L/Applications/Xcode.app/Contents/Developer//Platforms/iPhoneOS.platform/Developer//SDKs/iPhoneOS6.0.sdk/usr/lib -lobjc conftest.c  1>&5
ld: library not found for -lgcc_s.10.4
collect2: ld returned 1 exit status
configure: failed program was:
#line 10038 "configure"
#include "confdefs.h"
/* System header to define __stub macros and hopefully few prototypes,
    which can conflict with char strerror(); below.  */
#include <assert.h>
/* Override any gcc2 internal prototype to avoid an error.  */
/* We use char because int might match the return type of a gcc2
    builtin and then its argument prototype would still apply.  */
char strerror();

int main() {

/* The GNU C library defines this for functions which it implements
    to always fail with ENOSYS.  Some functions are actually named
    something starting with __ and the normal name is an alias.  */
#if defined (__stub_strerror) || defined (__stub___strerror)
choke me
#else
strerror();
#endif

; return 0; }
configure:10033: checking for strtok_r
configure:10061: /Applications/Xcode.app/Contents/Developer//Platforms/iPhoneOS.platform/Developer//usr/bin/arm-apple-darwin10-llvm-gcc-4.2 -isysroot /Applications/Xcode.app/Contents/Developer//Platforms/iPhoneOS.platform/Developer//SDKs/iPhoneOS6.0.sdk -no-cpp-precomp -pipe -I/Applications/Xcode.app/Contents/Developer//Platforms/iPhoneOS.platform/Developer//SDKs/iPhoneOS6.0.sdk/usr/include/ -Wall -L/Applications/Xcode.app/Contents/Developer//Platforms/iPhoneOS.platform/Developer//SDKs/iPhoneOS6.0.sdk/usr/lib -F/Applications/Xcode.app/Contents/Developer//Platforms/iPhoneOS.platform/Developer//SDKs/iPhoneOS6.0.sdk/System/Library/Frameworks -march=armv7s -mthumb -O3 -o conftest  -fno-strict-aliasing -fpascal-strings -fno-common   -L/Applications/Xcode.app/Contents/Developer//Platforms/iPhoneOS.platform/Developer//SDKs/iPhoneOS6.0.sdk/usr/lib -lobjc conftest.c  1>&5
ld: library not found for -lgcc_s.10.4
collect2: ld returned 1 exit status
configure: failed program was:
#line 10038 "configure"
#include "confdefs.h"
/* System header to define __stub macros and hopefully few prototypes,
    which can conflict with char strtok_r(); below.  */
#include <assert.h>
/* Override any gcc2 internal prototype to avoid an error.  */
/* We use char because int might match the return type of a gcc2
    builtin and then its argument prototype would still apply.  */
char strtok_r();

int main() {

/* The GNU C library defines this for functions which it implements
    to always fail with ENOSYS.  Some functions are actually named
    something starting with __ and the normal name is an alias.  */
#if defined (__stub_strtok_r) || defined (__stub___strtok_r)
choke me
#else
strtok_r();
#endif

; return 0; }
configure:10033: checking for truncate64
configure:10061: /Applications/Xcode.app/Contents/Developer//Platforms/iPhoneOS.platform/Developer//usr/bin/arm-apple-darwin10-llvm-gcc-4.2 -isysroot /Applications/Xcode.app/Contents/Developer//Platforms/iPhoneOS.platform/Developer//SDKs/iPhoneOS6.0.sdk -no-cpp-precomp -pipe -I/Applications/Xcode.app/Contents/Developer//Platforms/iPhoneOS.platform/Developer//SDKs/iPhoneOS6.0.sdk/usr/include/ -Wall -L/Applications/Xcode.app/Contents/Developer//Platforms/iPhoneOS.platform/Developer//SDKs/iPhoneOS6.0.sdk/usr/lib -F/Applications/Xcode.app/Contents/Developer//Platforms/iPhoneOS.platform/Developer//SDKs/iPhoneOS6.0.sdk/System/Library/Frameworks -march=armv7s -mthumb -O3 -o conftest  -fno-strict-aliasing -fpascal-strings -fno-common   -L/Applications/Xcode.app/Contents/Developer//Platforms/iPhoneOS.platform/Developer//SDKs/iPhoneOS6.0.sdk/usr/lib -lobjc conftest.c  1>&5
ld: library not found for -lgcc_s.10.4
collect2: ld returned 1 exit status
configure: failed program was:
#line 10038 "configure"
#include "confdefs.h"
/* System header to define __stub macros and hopefully few prototypes,
    which can conflict with char truncate64(); below.  */
#include <assert.h>
/* Override any gcc2 internal prototype to avoid an error.  */
/* We use char because int might match the return type of a gcc2
    builtin and then its argument prototype would still apply.  */
char truncate64();

int main() {

/* The GNU C library defines this for functions which it implements
    to always fail with ENOSYS.  Some functions are actually named
    something starting with __ and the normal name is an alias.  */
#if defined (__stub_truncate64) || defined (__stub___truncate64)
choke me
#else
truncate64();
#endif

; return 0; }
configure:10094: /Applications/Xcode.app/Contents/Developer//Platforms/iPhoneOS.platform/Developer//usr/bin/arm-apple-darwin10-llvm-gcc-4.2 -isysroot /Applications/Xcode.app/Contents/Developer//Platforms/iPhoneOS.platform/Developer//SDKs/iPhoneOS6.0.sdk -no-cpp-precomp -pipe -I/Applications/Xcode.app/Contents/Developer//Platforms/iPhoneOS.platform/Developer//SDKs/iPhoneOS6.0.sdk/usr/include/ -Wall -L/Applications/Xcode.app/Contents/Developer//Platforms/iPhoneOS.platform/Developer//SDKs/iPhoneOS6.0.sdk/usr/lib -F/Applications/Xcode.app/Contents/Developer//Platforms/iPhoneOS.platform/Developer//SDKs/iPhoneOS6.0.sdk/System/Library/Frameworks -march=armv7s -mthumb -O3 -o conftest  -fno-strict-aliasing -fpascal-strings -fno-common   -L/Applications/Xcode.app/Contents/Developer//Platforms/iPhoneOS.platform/Developer//SDKs/iPhoneOS6.0.sdk/usr/lib -lobjc conftest.c  1>&5
configure:10088:21: error: windows.h: No such file or directory
configure: In function 'main':
configure:10090: error: 'SYSTEMTIME' undeclared (first use in this function)
configure:10090: error: (Each undeclared identifier is reported only once
configure:10090: error: for each function it appears in.)
configure:10090: error: expected ';' before 'st'
configure:10090: error: 'FILETIME' undeclared (first use in this function)
configure:10090: error: expected ';' before 'ft'
configure:10090: warning: implicit declaration of function 'SystemTimeToFileTime'
configure:10090: error: 'st' undeclared (first use in this function)
configure:10090: error: 'ft' undeclared (first use in this function)
configure: failed program was:
#line 10087 "configure"
#include "confdefs.h"
#include <windows.h>
int main() {
SYSTEMTIME st;FILETIME ft;SystemTimeToFileTime(&st,&ft);
; return 0; }
configure:10118: /Applications/Xcode.app/Contents/Developer//Platforms/iPhoneOS.platform/Developer//usr/bin/arm-apple-darwin10-llvm-gcc-4.2 -isysroot /Applications/Xcode.app/Contents/Developer//Platforms/iPhoneOS.platform/Developer//SDKs/iPhoneOS6.0.sdk -no-cpp-precomp -pipe -I/Applications/Xcode.app/Contents/Developer//Platforms/iPhoneOS.platform/Developer//SDKs/iPhoneOS6.0.sdk/usr/include/ -Wall -L/Applications/Xcode.app/Contents/Developer//Platforms/iPhoneOS.platform/Developer//SDKs/iPhoneOS6.0.sdk/usr/lib -F/Applications/Xcode.app/Contents/Developer//Platforms/iPhoneOS.platform/Developer//SDKs/iPhoneOS6.0.sdk/System/Library/Frameworks -march=armv7s -mthumb -O3 -o conftest  -fno-strict-aliasing -fpascal-strings -fno-common   -L/Applications/Xcode.app/Contents/Developer//Platforms/iPhoneOS.platform/Developer//SDKs/iPhoneOS6.0.sdk/usr/lib -lobjc conftest.c  1>&5
configure:10112:21: error: windows.h: No such file or directory
configure: In function 'main':
configure:10114: error: 'FILETIME' undeclared (first use in this function)
configure:10114: error: (Each undeclared identifier is reported only once
configure:10114: error: for each function it appears in.)
configure:10114: error: expected ';' before 'ft'
configure:10114: warning: implicit declaration of function 'GetSystemTimeAsFileTime'
configure:10114: error: 'ft' undeclared (first use in this function)
configure: failed program was:
#line 10111 "configure"
#include "confdefs.h"
#include <windows.h>
int main() {
FILETIME ft;GetSystemTimeAsFileTime(&ft);
; return 0; }
configure:10218: checking for res_ninit()
configure:10235: /Applications/Xcode.app/Contents/Developer//Platforms/iPhoneOS.platform/Developer//usr/bin/arm-apple-darwin10-llvm-gcc-4.2 -isysroot /Applications/Xcode.app/Contents/Developer//Platforms/iPhoneOS.platform/Developer//SDKs/iPhoneOS6.0.sdk -no-cpp-precomp -pipe -I/Applications/Xcode.app/Contents/Developer//Platforms/iPhoneOS.platform/Developer//SDKs/iPhoneOS6.0.sdk/usr/include/ -Wall -L/Applications/Xcode.app/Contents/Developer//Platforms/iPhoneOS.platform/Developer//SDKs/iPhoneOS6.0.sdk/usr/lib -F/Applications/Xcode.app/Contents/Developer//Platforms/iPhoneOS.platform/Developer//SDKs/iPhoneOS6.0.sdk/System/Library/Frameworks -march=armv7s -mthumb -O3 -o conftest  -fno-strict-aliasing -fpascal-strings -fno-common   -L/Applications/Xcode.app/Contents/Developer//Platforms/iPhoneOS.platform/Developer//SDKs/iPhoneOS6.0.sdk/usr/lib -lobjc conftest.c  1>&5
configure: In function 'main':
configure:10231: warning: unused variable 'foo'
ld: library not found for -lgcc_s.10.4
collect2: ld returned 1 exit status
configure: failed program was:
#line 10223 "configure"
#include "confdefs.h"

        #ifdef linux
        #define _BSD_SOURCE 1
        #endif
        #include <resolv.h>
        
int main() {
int foo = res_ninit(&_res);
; return 0; }
configure:10265: checking for gnu_get_libc_version()
configure:10281: /Applications/Xcode.app/Contents/Developer//Platforms/iPhoneOS.platform/Developer//usr/bin/arm-apple-darwin10-llvm-g++-4.2 -isysroot /Applications/Xcode.app/Contents/Developer//Platforms/iPhoneOS.platform/Developer//SDKs/iPhoneOS6.0.sdk -no-cpp-precomp -pipe -I/Applications/Xcode.app/Contents/Developer//Platforms/iPhoneOS.platform/Developer//SDKs/iPhoneOS6.0.sdk/usr/include/ -Wall -L/Applications/Xcode.app/Contents/Developer//Platforms/iPhoneOS.platform/Developer//SDKs/iPhoneOS6.0.sdk/usr/lib -F/Applications/Xcode.app/Contents/Developer//Platforms/iPhoneOS.platform/Developer//SDKs/iPhoneOS6.0.sdk/System/Library/Frameworks -march=armv7s -mthumb -O3 -I/Applications/Xcode.app/Contents/Developer//Platforms/iPhoneOS.platform/Developer//SDKs/iPhoneOS6.0.sdk/usr/include/c++/4.2.1/ -o conftest  -fno-strict-aliasing -fpascal-strings -fno-common   -L/Applications/Xcode.app/Contents/Developer//Platforms/iPhoneOS.platform/Developer//SDKs/iPhoneOS6.0.sdk/usr/lib -lobjc conftest.C  1>&5
configure: In function 'int main()':
configure:10277: error: 'gnu_get_libc_version' was not declared in this scope
configure:10277: warning: unused variable 'glibc_version'
configure: failed program was:
#line 10270 "configure"
#include "confdefs.h"

        #ifdef HAVE_GNU_LIBC_VERSION_H
        #include <gnu/libc-version.h>
        #endif
        
int main() {
const char *glibc_version = gnu_get_libc_version();
; return 0; }
configure:10540: checking for an implementation of va_copy()
configure:10581: checking for an implementation of __va_copy()
configure:10622: checking whether va_lists can be copied by value
configure:10755: checking for ARM EABI
configure:10773: /Applications/Xcode.app/Contents/Developer//Platforms/iPhoneOS.platform/Developer//usr/bin/arm-apple-darwin10-llvm-g++-4.2 -isysroot /Applications/Xcode.app/Contents/Developer//Platforms/iPhoneOS.platform/Developer//SDKs/iPhoneOS6.0.sdk -no-cpp-precomp -pipe -I/Applications/Xcode.app/Contents/Developer//Platforms/iPhoneOS.platform/Developer//SDKs/iPhoneOS6.0.sdk/usr/include/ -Wall -L/Applications/Xcode.app/Contents/Developer//Platforms/iPhoneOS.platform/Developer//SDKs/iPhoneOS6.0.sdk/usr/lib -F/Applications/Xcode.app/Contents/Developer//Platforms/iPhoneOS.platform/Developer//SDKs/iPhoneOS6.0.sdk/System/Library/Frameworks -march=armv7s -mthumb -O3 -I/Applications/Xcode.app/Contents/Developer//Platforms/iPhoneOS.platform/Developer//SDKs/iPhoneOS6.0.sdk/usr/include/c++/4.2.1/ -c  -fno-strict-aliasing -fpascal-strings -fno-common  conftest.C 1>&5
configure:10767:2: error: #error Not ARM EABI.
configure: failed program was:
#line 10760 "configure"
#include "confdefs.h"

int main() {

#if defined(__ARM_EABI__)
  return 0;
#else
#error Not ARM EABI.
#endif
                        
; return 0; }
configure:10794: checking for gcc 3.0 ABI
configure:10812: /Applications/Xcode.app/Contents/Developer//Platforms/iPhoneOS.platform/Developer//usr/bin/arm-apple-darwin10-llvm-g++-4.2 -isysroot /Applications/Xcode.app/Contents/Developer//Platforms/iPhoneOS.platform/Developer//SDKs/iPhoneOS6.0.sdk -no-cpp-precomp -pipe -I/Applications/Xcode.app/Contents/Developer//Platforms/iPhoneOS.platform/Developer//SDKs/iPhoneOS6.0.sdk/usr/include/ -Wall -L/Applications/Xcode.app/Contents/Developer//Platforms/iPhoneOS.platform/Developer//SDKs/iPhoneOS6.0.sdk/usr/lib -F/Applications/Xcode.app/Contents/Developer//Platforms/iPhoneOS.platform/Developer//SDKs/iPhoneOS6.0.sdk/System/Library/Frameworks -march=armv7s -mthumb -O3 -I/Applications/Xcode.app/Contents/Developer//Platforms/iPhoneOS.platform/Developer//SDKs/iPhoneOS6.0.sdk/usr/include/c++/4.2.1/ -c  -fno-strict-aliasing -fpascal-strings -fno-common  conftest.C 1>&5
configure:10836: checking for C++ "explicit" keyword
configure:10851: /Applications/Xcode.app/Contents/Developer//Platforms/iPhoneOS.platform/Developer//usr/bin/arm-apple-darwin10-llvm-g++-4.2 -isysroot /Applications/Xcode.app/Contents/Developer//Platforms/iPhoneOS.platform/Developer//SDKs/iPhoneOS6.0.sdk -no-cpp-precomp -pipe -I/Applications/Xcode.app/Contents/Developer//Platforms/iPhoneOS.platform/Developer//SDKs/iPhoneOS6.0.sdk/usr/include/ -Wall -L/Applications/Xcode.app/Contents/Developer//Platforms/iPhoneOS.platform/Developer//SDKs/iPhoneOS6.0.sdk/usr/lib -F/Applications/Xcode.app/Contents/Developer//Platforms/iPhoneOS.platform/Developer//SDKs/iPhoneOS6.0.sdk/System/Library/Frameworks -march=armv7s -mthumb -O3 -I/Applications/Xcode.app/Contents/Developer//Platforms/iPhoneOS.platform/Developer//SDKs/iPhoneOS6.0.sdk/usr/include/c++/4.2.1/ -c  -fno-strict-aliasing -fpascal-strings -fno-common  conftest.C 1>&5
configure:10872: checking for C++ "typename" keyword
configure:10896: /Applications/Xcode.app/Contents/Developer//Platforms/iPhoneOS.platform/Developer//usr/bin/arm-apple-darwin10-llvm-g++-4.2 -isysroot /Applications/Xcode.app/Contents/Developer//Platforms/iPhoneOS.platform/Developer//SDKs/iPhoneOS6.0.sdk -no-cpp-precomp -pipe -I/Applications/Xcode.app/Contents/Developer//Platforms/iPhoneOS.platform/Developer//SDKs/iPhoneOS6.0.sdk/usr/include/ -Wall -L/Applications/Xcode.app/Contents/Developer//Platforms/iPhoneOS.platform/Developer//SDKs/iPhoneOS6.0.sdk/usr/lib -F/Applications/Xcode.app/Contents/Developer//Platforms/iPhoneOS.platform/Developer//SDKs/iPhoneOS6.0.sdk/System/Library/Frameworks -march=armv7s -mthumb -O3 -I/Applications/Xcode.app/Contents/Developer//Platforms/iPhoneOS.platform/Developer//SDKs/iPhoneOS6.0.sdk/usr/include/c++/4.2.1/ -c  -fno-strict-aliasing -fpascal-strings -fno-common  conftest.C 1>&5
configure:10917: checking for modern C++ template specialization syntax support
configure:10932: /Applications/Xcode.app/Contents/Developer//Platforms/iPhoneOS.platform/Developer//usr/bin/arm-apple-darwin10-llvm-g++-4.2 -isysroot /Applications/Xcode.app/Contents/Developer//Platforms/iPhoneOS.platform/Developer//SDKs/iPhoneOS6.0.sdk -no-cpp-precomp -pipe -I/Applications/Xcode.app/Contents/Developer//Platforms/iPhoneOS.platform/Developer//SDKs/iPhoneOS6.0.sdk/usr/include/ -Wall -L/Applications/Xcode.app/Contents/Developer//Platforms/iPhoneOS.platform/Developer//SDKs/iPhoneOS6.0.sdk/usr/lib -F/Applications/Xcode.app/Contents/Developer//Platforms/iPhoneOS.platform/Developer//SDKs/iPhoneOS6.0.sdk/System/Library/Frameworks -march=armv7s -mthumb -O3 -I/Applications/Xcode.app/Contents/Developer//Platforms/iPhoneOS.platform/Developer//SDKs/iPhoneOS6.0.sdk/usr/include/c++/4.2.1/ -c  -fno-strict-aliasing -fpascal-strings -fno-common  conftest.C 1>&5
configure: In function 'int main()':
configure:10927: warning: unused variable 'int_x'
configure:10928: warning: unused variable 'y_x'
configure:10954: checking whether partial template specialization works
configure:10967: /Applications/Xcode.app/Contents/Developer//Platforms/iPhoneOS.platform/Developer//usr/bin/arm-apple-darwin10-llvm-g++-4.2 -isysroot /Applications/Xcode.app/Contents/Developer//Platforms/iPhoneOS.platform/Developer//SDKs/iPhoneOS6.0.sdk -no-cpp-precomp -pipe -I/Applications/Xcode.app/Contents/Developer//Platforms/iPhoneOS.platform/Developer//SDKs/iPhoneOS6.0.sdk/usr/include/ -Wall -L/Applications/Xcode.app/Contents/Developer//Platforms/iPhoneOS.platform/Developer//SDKs/iPhoneOS6.0.sdk/usr/lib -F/Applications/Xcode.app/Contents/Developer//Platforms/iPhoneOS.platform/Developer//SDKs/iPhoneOS6.0.sdk/System/Library/Frameworks -march=armv7s -mthumb -O3 -I/Applications/Xcode.app/Contents/Developer//Platforms/iPhoneOS.platform/Developer//SDKs/iPhoneOS6.0.sdk/usr/include/c++/4.2.1/ -c  -fno-strict-aliasing -fpascal-strings -fno-common  conftest.C 1>&5
configure:10988: checking whether operators must be re-defined for templates derived from templates
configure:11005: /Applications/Xcode.app/Contents/Developer//Platforms/iPhoneOS.platform/Developer//usr/bin/arm-apple-darwin10-llvm-g++-4.2 -isysroot /Applications/Xcode.app/Contents/Developer//Platforms/iPhoneOS.platform/Developer//SDKs/iPhoneOS6.0.sdk -no-cpp-precomp -pipe -I/Applications/Xcode.app/Contents/Developer//Platforms/iPhoneOS.platform/Developer//SDKs/iPhoneOS6.0.sdk/usr/include/ -Wall -L/Applications/Xcode.app/Contents/Developer//Platforms/iPhoneOS.platform/Developer//SDKs/iPhoneOS6.0.sdk/usr/lib -F/Applications/Xcode.app/Contents/Developer//Platforms/iPhoneOS.platform/Developer//SDKs/iPhoneOS6.0.sdk/System/Library/Frameworks -march=armv7s -mthumb -O3 -I/Applications/Xcode.app/Contents/Developer//Platforms/iPhoneOS.platform/Developer//SDKs/iPhoneOS6.0.sdk/usr/include/c++/4.2.1/ -c  -fno-strict-aliasing -fpascal-strings -fno-common  conftest.C 1>&5
configure:11027: checking whether we need to cast a derived template to pass as its base class
configure:11041: /Applications/Xcode.app/Contents/Developer//Platforms/iPhoneOS.platform/Developer//usr/bin/arm-apple-darwin10-llvm-g++-4.2 -isysroot /Applications/Xcode.app/Contents/Developer//Platforms/iPhoneOS.platform/Developer//SDKs/iPhoneOS6.0.sdk -no-cpp-precomp -pipe -I/Applications/Xcode.app/Contents/Developer//Platforms/iPhoneOS.platform/Developer//SDKs/iPhoneOS6.0.sdk/usr/include/ -Wall -L/Applications/Xcode.app/Contents/Developer//Platforms/iPhoneOS.platform/Developer//SDKs/iPhoneOS6.0.sdk/usr/lib -F/Applications/Xcode.app/Contents/Developer//Platforms/iPhoneOS.platform/Developer//SDKs/iPhoneOS6.0.sdk/System/Library/Frameworks -march=armv7s -mthumb -O3 -I/Applications/Xcode.app/Contents/Developer//Platforms/iPhoneOS.platform/Developer//SDKs/iPhoneOS6.0.sdk/usr/include/c++/4.2.1/ -c  -fno-strict-aliasing -fpascal-strings -fno-common  conftest.C 1>&5
configure:11062: checking whether the compiler can resolve const ambiguities for templates
configure:11088: /Applications/Xcode.app/Contents/Developer//Platforms/iPhoneOS.platform/Developer//usr/bin/arm-apple-darwin10-llvm-g++-4.2 -isysroot /Applications/Xcode.app/Contents/Developer//Platforms/iPhoneOS.platform/Developer//SDKs/iPhoneOS6.0.sdk -no-cpp-precomp -pipe -I/Applications/Xcode.app/Contents/Developer//Platforms/iPhoneOS.platform/Developer//SDKs/iPhoneOS6.0.sdk/usr/include/ -Wall -L/Applications/Xcode.app/Contents/Developer//Platforms/iPhoneOS.platform/Developer//SDKs/iPhoneOS6.0.sdk/usr/lib -F/Applications/Xcode.app/Contents/Developer//Platforms/iPhoneOS.platform/Developer//SDKs/iPhoneOS6.0.sdk/System/Library/Frameworks -march=armv7s -mthumb -O3 -I/Applications/Xcode.app/Contents/Developer//Platforms/iPhoneOS.platform/Developer//SDKs/iPhoneOS6.0.sdk/usr/include/c++/4.2.1/ -c  -fno-strict-aliasing -fpascal-strings -fno-common  conftest.C 1>&5
configure:11110: checking whether the C++ "using" keyword can change access
configure:11123: /Applications/Xcode.app/Contents/Developer//Platforms/iPhoneOS.platform/Developer//usr/bin/arm-apple-darwin10-llvm-g++-4.2 -isysroot /Applications/Xcode.app/Contents/Developer//Platforms/iPhoneOS.platform/Developer//SDKs/iPhoneOS6.0.sdk -no-cpp-precomp -pipe -I/Applications/Xcode.app/Contents/Developer//Platforms/iPhoneOS.platform/Developer//SDKs/iPhoneOS6.0.sdk/usr/include/ -Wall -L/Applications/Xcode.app/Contents/Developer//Platforms/iPhoneOS.platform/Developer//SDKs/iPhoneOS6.0.sdk/usr/lib -F/Applications/Xcode.app/Contents/Developer//Platforms/iPhoneOS.platform/Developer//SDKs/iPhoneOS6.0.sdk/System/Library/Frameworks -march=armv7s -mthumb -O3 -I/Applications/Xcode.app/Contents/Developer//Platforms/iPhoneOS.platform/Developer//SDKs/iPhoneOS6.0.sdk/usr/include/c++/4.2.1/ -c  -fno-strict-aliasing -fpascal-strings -fno-common  conftest.C 1>&5
configure:11134: /Applications/Xcode.app/Contents/Developer//Platforms/iPhoneOS.platform/Developer//usr/bin/arm-apple-darwin10-llvm-g++-4.2 -isysroot /Applications/Xcode.app/Contents/Developer//Platforms/iPhoneOS.platform/Developer//SDKs/iPhoneOS6.0.sdk -no-cpp-precomp -pipe -I/Applications/Xcode.app/Contents/Developer//Platforms/iPhoneOS.platform/Developer//SDKs/iPhoneOS6.0.sdk/usr/include/ -Wall -L/Applications/Xcode.app/Contents/Developer//Platforms/iPhoneOS.platform/Developer//SDKs/iPhoneOS6.0.sdk/usr/lib -F/Applications/Xcode.app/Contents/Developer//Platforms/iPhoneOS.platform/Developer//SDKs/iPhoneOS6.0.sdk/System/Library/Frameworks -march=armv7s -mthumb -O3 -I/Applications/Xcode.app/Contents/Developer//Platforms/iPhoneOS.platform/Developer//SDKs/iPhoneOS6.0.sdk/usr/include/c++/4.2.1/ -c  -fno-strict-aliasing -fpascal-strings -fno-common  conftest.C 1>&5
configure: In function 'int main()':
configure:11127: error: 'int A::foo()' is inaccessible
configure:11130: error: within this context
configure: failed program was:
#line 11126 "configure"
#include "confdefs.h"
class A { public: int foo() { return 1; } };
                       class B : public A { private: using A::foo; };
int main() {
B b; return b.foo();
; return 0; }
configure:11162: checking whether the C++ "using" keyword resolves ambiguity
configure:11183: /Applications/Xcode.app/Contents/Developer//Platforms/iPhoneOS.platform/Developer//usr/bin/arm-apple-darwin10-llvm-g++-4.2 -isysroot /Applications/Xcode.app/Contents/Developer//Platforms/iPhoneOS.platform/Developer//SDKs/iPhoneOS6.0.sdk -no-cpp-precomp -pipe -I/Applications/Xcode.app/Contents/Developer//Platforms/iPhoneOS.platform/Developer//SDKs/iPhoneOS6.0.sdk/usr/include/ -Wall -L/Applications/Xcode.app/Contents/Developer//Platforms/iPhoneOS.platform/Developer//SDKs/iPhoneOS6.0.sdk/usr/lib -F/Applications/Xcode.app/Contents/Developer//Platforms/iPhoneOS.platform/Developer//SDKs/iPhoneOS6.0.sdk/System/Library/Frameworks -march=armv7s -mthumb -O3 -I/Applications/Xcode.app/Contents/Developer//Platforms/iPhoneOS.platform/Developer//SDKs/iPhoneOS6.0.sdk/usr/include/c++/4.2.1/ -c  -fno-strict-aliasing -fpascal-strings -fno-common  conftest.C 1>&5
configure:11204: checking for "std::" namespace
configure:11216: /Applications/Xcode.app/Contents/Developer//Platforms/iPhoneOS.platform/Developer//usr/bin/arm-apple-darwin10-llvm-g++-4.2 -isysroot /Applications/Xcode.app/Contents/Developer//Platforms/iPhoneOS.platform/Developer//SDKs/iPhoneOS6.0.sdk -no-cpp-precomp -pipe -I/Applications/Xcode.app/Contents/Developer//Platforms/iPhoneOS.platform/Developer//SDKs/iPhoneOS6.0.sdk/usr/include/ -Wall -L/Applications/Xcode.app/Contents/Developer//Platforms/iPhoneOS.platform/Developer//SDKs/iPhoneOS6.0.sdk/usr/lib -F/Applications/Xcode.app/Contents/Developer//Platforms/iPhoneOS.platform/Developer//SDKs/iPhoneOS6.0.sdk/System/Library/Frameworks -march=armv7s -mthumb -O3 -I/Applications/Xcode.app/Contents/Developer//Platforms/iPhoneOS.platform/Developer//SDKs/iPhoneOS6.0.sdk/usr/include/c++/4.2.1/ -c  -fno-strict-aliasing -fpascal-strings -fno-common  conftest.C 1>&5
configure:11237: checking whether standard template operator!=() is ambiguous
configure:11252: /Applications/Xcode.app/Contents/Developer//Platforms/iPhoneOS.platform/Developer//usr/bin/arm-apple-darwin10-llvm-g++-4.2 -isysroot /Applications/Xcode.app/Contents/Developer//Platforms/iPhoneOS.platform/Developer//SDKs/iPhoneOS6.0.sdk -no-cpp-precomp -pipe -I/Applications/Xcode.app/Contents/Developer//Platforms/iPhoneOS.platform/Developer//SDKs/iPhoneOS6.0.sdk/usr/include/ -Wall -L/Applications/Xcode.app/Contents/Developer//Platforms/iPhoneOS.platform/Developer//SDKs/iPhoneOS6.0.sdk/usr/lib -F/Applications/Xcode.app/Contents/Developer//Platforms/iPhoneOS.platform/Developer//SDKs/iPhoneOS6.0.sdk/System/Library/Frameworks -march=armv7s -mthumb -O3 -I/Applications/Xcode.app/Contents/Developer//Platforms/iPhoneOS.platform/Developer//SDKs/iPhoneOS6.0.sdk/usr/include/c++/4.2.1/ -c  -fno-strict-aliasing -fpascal-strings -fno-common  conftest.C 1>&5
configure:11274: checking for C++ reinterpret_cast
configure:11287: /Applications/Xcode.app/Contents/Developer//Platforms/iPhoneOS.platform/Developer//usr/bin/arm-apple-darwin10-llvm-g++-4.2 -isysroot /Applications/Xcode.app/Contents/Developer//Platforms/iPhoneOS.platform/Developer//SDKs/iPhoneOS6.0.sdk -no-cpp-precomp -pipe -I/Applications/Xcode.app/Contents/Developer//Platforms/iPhoneOS.platform/Developer//SDKs/iPhoneOS6.0.sdk/usr/include/ -Wall -L/Applications/Xcode.app/Contents/Developer//Platforms/iPhoneOS.platform/Developer//SDKs/iPhoneOS6.0.sdk/usr/lib -F/Applications/Xcode.app/Contents/Developer//Platforms/iPhoneOS.platform/Developer//SDKs/iPhoneOS6.0.sdk/System/Library/Frameworks -march=armv7s -mthumb -O3 -I/Applications/Xcode.app/Contents/Developer//Platforms/iPhoneOS.platform/Developer//SDKs/iPhoneOS6.0.sdk/usr/include/c++/4.2.1/ -c  -fno-strict-aliasing -fpascal-strings -fno-common  conftest.C 1>&5
configure: In function 'int main()':
configure:11283: warning: unused variable 'y'
configure:11308: checking for C++ dynamic_cast to void*
configure:11359: checking whether C++ requires implementation of unused virtual methods
configure:11371: /Applications/Xcode.app/Contents/Developer//Platforms/iPhoneOS.platform/Developer//usr/bin/arm-apple-darwin10-llvm-g++-4.2 -isysroot /Applications/Xcode.app/Contents/Developer//Platforms/iPhoneOS.platform/Developer//SDKs/iPhoneOS6.0.sdk -no-cpp-precomp -pipe -I/Applications/Xcode.app/Contents/Developer//Platforms/iPhoneOS.platform/Developer//SDKs/iPhoneOS6.0.sdk/usr/include/ -Wall -L/Applications/Xcode.app/Contents/Developer//Platforms/iPhoneOS.platform/Developer//SDKs/iPhoneOS6.0.sdk/usr/lib -F/Applications/Xcode.app/Contents/Developer//Platforms/iPhoneOS.platform/Developer//SDKs/iPhoneOS6.0.sdk/System/Library/Frameworks -march=armv7s -mthumb -O3 -I/Applications/Xcode.app/Contents/Developer//Platforms/iPhoneOS.platform/Developer//SDKs/iPhoneOS6.0.sdk/usr/include/c++/4.2.1/ -o conftest  -fno-strict-aliasing -fpascal-strings -fno-common   -L/Applications/Xcode.app/Contents/Developer//Platforms/iPhoneOS.platform/Developer//SDKs/iPhoneOS6.0.sdk/usr/lib -lobjc conftest.C  1>&5
ld: library not found for -lgcc_s.10.4
collect2: ld returned 1 exit status
configure: failed program was:
#line 11364 "configure"
#include "confdefs.h"
class X {private: virtual void never_called();};
int main() {
X x;
; return 0; }
configure:11394: checking for trouble comparing to zero near std::operator!=()
configure:11410: /Applications/Xcode.app/Contents/Developer//Platforms/iPhoneOS.platform/Developer//usr/bin/arm-apple-darwin10-llvm-g++-4.2 -isysroot /Applications/Xcode.app/Contents/Developer//Platforms/iPhoneOS.platform/Developer//SDKs/iPhoneOS6.0.sdk -no-cpp-precomp -pipe -I/Applications/Xcode.app/Contents/Developer//Platforms/iPhoneOS.platform/Developer//SDKs/iPhoneOS6.0.sdk/usr/include/ -Wall -L/Applications/Xcode.app/Contents/Developer//Platforms/iPhoneOS.platform/Developer//SDKs/iPhoneOS6.0.sdk/usr/lib -F/Applications/Xcode.app/Contents/Developer//Platforms/iPhoneOS.platform/Developer//SDKs/iPhoneOS6.0.sdk/System/Library/Frameworks -march=armv7s -mthumb -O3 -I/Applications/Xcode.app/Contents/Developer//Platforms/iPhoneOS.platform/Developer//SDKs/iPhoneOS6.0.sdk/usr/include/c++/4.2.1/ -c  -fno-strict-aliasing -fpascal-strings -fno-common  conftest.C 1>&5
configure:11442: checking for LC_MESSAGES
configure:11454: /Applications/Xcode.app/Contents/Developer//Platforms/iPhoneOS.platform/Developer//usr/bin/arm-apple-darwin10-llvm-gcc-4.2 -isysroot /Applications/Xcode.app/Contents/Developer//Platforms/iPhoneOS.platform/Developer//SDKs/iPhoneOS6.0.sdk -no-cpp-precomp -pipe -I/Applications/Xcode.app/Contents/Developer//Platforms/iPhoneOS.platform/Developer//SDKs/iPhoneOS6.0.sdk/usr/include/ -Wall -L/Applications/Xcode.app/Contents/Developer//Platforms/iPhoneOS.platform/Developer//SDKs/iPhoneOS6.0.sdk/usr/lib -F/Applications/Xcode.app/Contents/Developer//Platforms/iPhoneOS.platform/Developer//SDKs/iPhoneOS6.0.sdk/System/Library/Frameworks -march=armv7s -mthumb -O3 -c  -fno-strict-aliasing -fpascal-strings -fno-common  conftest.c 1>&5
configure: In function 'main':
configure:11450: warning: unused variable 'category'
configure:12558: checking for __cxa_demangle
configure:12589: /Applications/Xcode.app/Contents/Developer//Platforms/iPhoneOS.platform/Developer//usr/bin/arm-apple-darwin10-llvm-g++-4.2 -isysroot /Applications/Xcode.app/Contents/Developer//Platforms/iPhoneOS.platform/Developer//SDKs/iPhoneOS6.0.sdk -no-cpp-precomp -pipe -I/Applications/Xcode.app/Contents/Developer//Platforms/iPhoneOS.platform/Developer//SDKs/iPhoneOS6.0.sdk/usr/include/ -Wall -L/Applications/Xcode.app/Contents/Developer//Platforms/iPhoneOS.platform/Developer//SDKs/iPhoneOS6.0.sdk/usr/lib -F/Applications/Xcode.app/Contents/Developer//Platforms/iPhoneOS.platform/Developer//SDKs/iPhoneOS6.0.sdk/System/Library/Frameworks -march=armv7s -mthumb -O3 -I/Applications/Xcode.app/Contents/Developer//Platforms/iPhoneOS.platform/Developer//SDKs/iPhoneOS6.0.sdk/usr/include/c++/4.2.1/ -o conftest  -fno-strict-aliasing -fpascal-strings -fno-common   -L/Applications/Xcode.app/Contents/Developer//Platforms/iPhoneOS.platform/Developer//SDKs/iPhoneOS6.0.sdk/usr/lib -lobjc conftest.C  1>&5
ld: library not found for -lgcc_s.10.4
collect2: ld returned 1 exit status
configure: failed program was:
#line 12563 "configure"
#include "confdefs.h"
/* System header to define __stub macros and hopefully few prototypes,
    which can conflict with char __cxa_demangle(); below.  */
#include <assert.h>
/* Override any gcc2 internal prototype to avoid an error.  */
#ifdef __cplusplus
extern "C"
#endif
/* We use char because int might match the return type of a gcc2
    builtin and then its argument prototype would still apply.  */
char __cxa_demangle();

int main() {

/* The GNU C library defines this for functions which it implements
    to always fail with ENOSYS.  Some functions are actually named
    something starting with __ and the normal name is an alias.  */
#if defined (__stub___cxa_demangle) || defined (__stub_____cxa_demangle)
choke me
#else
__cxa_demangle();
#endif

; return 0; }
configure:12637: checking for unwind.h
configure:12647: /Applications/Xcode.app/Contents/Developer//Platforms/iPhoneOS.platform/Developer//usr/bin/arm-apple-darwin10-llvm-gcc-4.2 -isysroot /Applications/Xcode.app/Contents/Developer//Platforms/iPhoneOS.platform/Developer//SDKs/iPhoneOS6.0.sdk -no-cpp-precomp -pipe -I/Applications/Xcode.app/Contents/Developer//Platforms/iPhoneOS.platform/Developer//SDKs/iPhoneOS6.0.sdk/usr/include/ -Wall -L/Applications/Xcode.app/Contents/Developer//Platforms/iPhoneOS.platform/Developer//SDKs/iPhoneOS6.0.sdk/usr/lib -F/Applications/Xcode.app/Contents/Developer//Platforms/iPhoneOS.platform/Developer//SDKs/iPhoneOS6.0.sdk/System/Library/Frameworks -march=armv7s -mthumb -O3 -E  conftest.c >/dev/null 2>conftest.out
configure:12666: checking for _Unwind_Backtrace
configure:12694: /Applications/Xcode.app/Contents/Developer//Platforms/iPhoneOS.platform/Developer//usr/bin/arm-apple-darwin10-llvm-gcc-4.2 -isysroot /Applications/Xcode.app/Contents/Developer//Platforms/iPhoneOS.platform/Developer//SDKs/iPhoneOS6.0.sdk -no-cpp-precomp -pipe -I/Applications/Xcode.app/Contents/Developer//Platforms/iPhoneOS.platform/Developer//SDKs/iPhoneOS6.0.sdk/usr/include/ -Wall -L/Applications/Xcode.app/Contents/Developer//Platforms/iPhoneOS.platform/Developer//SDKs/iPhoneOS6.0.sdk/usr/lib -F/Applications/Xcode.app/Contents/Developer//Platforms/iPhoneOS.platform/Developer//SDKs/iPhoneOS6.0.sdk/System/Library/Frameworks -march=armv7s -mthumb -O3 -o conftest  -fno-strict-aliasing -fpascal-strings -fno-common   -L/Applications/Xcode.app/Contents/Developer//Platforms/iPhoneOS.platform/Developer//SDKs/iPhoneOS6.0.sdk/usr/lib -lobjc conftest.c  1>&5
ld: library not found for -lgcc_s.10.4
collect2: ld returned 1 exit status
configure: failed program was:
#line 12671 "configure"
#include "confdefs.h"
/* System header to define __stub macros and hopefully few prototypes,
    which can conflict with char _Unwind_Backtrace(); below.  */
#include <assert.h>
/* Override any gcc2 internal prototype to avoid an error.  */
/* We use char because int might match the return type of a gcc2
    builtin and then its argument prototype would still apply.  */
char _Unwind_Backtrace();

int main() {

/* The GNU C library defines this for functions which it implements
    to always fail with ENOSYS.  Some functions are actually named
    something starting with __ and the normal name is an alias.  */
#if defined (__stub__Unwind_Backtrace) || defined (__stub____Unwind_Backtrace)
choke me
#else
_Unwind_Backtrace();
#endif

; return 0; }
configure:12743: checking for gcc -pipe support
dummy-hello.c:2:21: warning: missing terminating " character
dummy-hello.c: In function 'main':
dummy-hello.c:2: error: missing terminating " character
dummy-hello.c:3:1: warning: missing terminating " character
dummy-hello.c:3: error: missing terminating " character
dummy-hello.c:3: error: expected expression at end of input
dummy-hello.c:3: warning: format not a string literal and no format arguments
dummy-hello.c:3: warning: format not a string literal and no format arguments
dummy-hello.c:3: error: expected declaration or statement at end of input
configure:12765: /Applications/Xcode.app/Contents/Developer//Platforms/iPhoneOS.platform/Developer//usr/bin/arm-apple-darwin10-llvm-gcc-4.2 -isysroot /Applications/Xcode.app/Contents/Developer//Platforms/iPhoneOS.platform/Developer//SDKs/iPhoneOS6.0.sdk -no-cpp-precomp -pipe -I/Applications/Xcode.app/Contents/Developer//Platforms/iPhoneOS.platform/Developer//SDKs/iPhoneOS6.0.sdk/usr/include/ -Wall -L/Applications/Xcode.app/Contents/Developer//Platforms/iPhoneOS.platform/Developer//SDKs/iPhoneOS6.0.sdk/usr/lib -F/Applications/Xcode.app/Contents/Developer//Platforms/iPhoneOS.platform/Developer//SDKs/iPhoneOS6.0.sdk/System/Library/Frameworks -march=armv7s -mthumb -O3 -c  -fno-strict-aliasing -fpascal-strings -fno-common -pipe  conftest.c 1>&5
configure:12810: checking whether C compiler supports -fprofile-generate
configure:12819: /Applications/Xcode.app/Contents/Developer//Platforms/iPhoneOS.platform/Developer//usr/bin/arm-apple-darwin10-llvm-gcc-4.2 -isysroot /Applications/Xcode.app/Contents/Developer//Platforms/iPhoneOS.platform/Developer//SDKs/iPhoneOS6.0.sdk -no-cpp-precomp -pipe -I/Applications/Xcode.app/Contents/Developer//Platforms/iPhoneOS.platform/Developer//SDKs/iPhoneOS6.0.sdk/usr/include/ -Wall -L/Applications/Xcode.app/Contents/Developer//Platforms/iPhoneOS.platform/Developer//SDKs/iPhoneOS6.0.sdk/usr/lib -F/Applications/Xcode.app/Contents/Developer//Platforms/iPhoneOS.platform/Developer//SDKs/iPhoneOS6.0.sdk/System/Library/Frameworks -march=armv7s -mthumb -O3 -c  -fno-strict-aliasing -fpascal-strings -fno-common -pipe -fprofile-generate -fprofile-correction  conftest.c 1>&5
cc1: error: unrecognized command line option "-fprofile-correction"
configure: failed program was:
#line 12812 "configure"
#include "confdefs.h"

int main() {
return 0;
; return 0; }
configure:12917: checking for correct temporary object destruction order
configure:12966: checking for correct overload resolution with const and templates
configure:13001: /Applications/Xcode.app/Contents/Developer//Platforms/iPhoneOS.platform/Developer//usr/bin/arm-apple-darwin10-llvm-g++-4.2 -isysroot /Applications/Xcode.app/Contents/Developer//Platforms/iPhoneOS.platform/Developer//SDKs/iPhoneOS6.0.sdk -no-cpp-precomp -pipe -I/Applications/Xcode.app/Contents/Developer//Platforms/iPhoneOS.platform/Developer//SDKs/iPhoneOS6.0.sdk/usr/include/ -Wall -L/Applications/Xcode.app/Contents/Developer//Platforms/iPhoneOS.platform/Developer//SDKs/iPhoneOS6.0.sdk/usr/lib -F/Applications/Xcode.app/Contents/Developer//Platforms/iPhoneOS.platform/Developer//SDKs/iPhoneOS6.0.sdk/System/Library/Frameworks -march=armv7s -mthumb -O3 -I/Applications/Xcode.app/Contents/Developer//Platforms/iPhoneOS.platform/Developer//SDKs/iPhoneOS6.0.sdk/usr/include/c++/4.2.1/ -c  -fno-strict-aliasing -fpascal-strings -fno-common -pipe  -Wall -Wpointer-arith -Woverloaded-virtual -Wsynth -Wno-ctor-dtor-privacy -Wno-non-virtual-dtor -Wno-invalid-offsetof -Wno-variadic-macros  conftest.C 1>&5
configure:13024: checking for tm_zone tm_gmtoff in struct tm
configure:13036: /Applications/Xcode.app/Contents/Developer//Platforms/iPhoneOS.platform/Developer//usr/bin/arm-apple-darwin10-llvm-g++-4.2 -isysroot /Applications/Xcode.app/Contents/Developer//Platforms/iPhoneOS.platform/Developer//SDKs/iPhoneOS6.0.sdk -no-cpp-precomp -pipe -I/Applications/Xcode.app/Contents/Developer//Platforms/iPhoneOS.platform/Developer//SDKs/iPhoneOS6.0.sdk/usr/include/ -Wall -L/Applications/Xcode.app/Contents/Developer//Platforms/iPhoneOS.platform/Developer//SDKs/iPhoneOS6.0.sdk/usr/lib -F/Applications/Xcode.app/Contents/Developer//Platforms/iPhoneOS.platform/Developer//SDKs/iPhoneOS6.0.sdk/System/Library/Frameworks -march=armv7s -mthumb -O3 -I/Applications/Xcode.app/Contents/Developer//Platforms/iPhoneOS.platform/Developer//SDKs/iPhoneOS6.0.sdk/usr/include/c++/4.2.1/ -c  -fno-strict-aliasing -fpascal-strings -fno-common -pipe  conftest.C 1>&5
configure:13601: checking for setlocale
configure:13629: /Applications/Xcode.app/Contents/Developer//Platforms/iPhoneOS.platform/Developer//usr/bin/arm-apple-darwin10-llvm-gcc-4.2 -isysroot /Applications/Xcode.app/Contents/Developer//Platforms/iPhoneOS.platform/Developer//SDKs/iPhoneOS6.0.sdk -no-cpp-precomp -pipe -I/Applications/Xcode.app/Contents/Developer//Platforms/iPhoneOS.platform/Developer//SDKs/iPhoneOS6.0.sdk/usr/include/ -Wall -L/Applications/Xcode.app/Contents/Developer//Platforms/iPhoneOS.platform/Developer//SDKs/iPhoneOS6.0.sdk/usr/lib -F/Applications/Xcode.app/Contents/Developer//Platforms/iPhoneOS.platform/Developer//SDKs/iPhoneOS6.0.sdk/System/Library/Frameworks -march=armv7s -mthumb -O3 -o conftest -Wall -W -Wno-unused -Wpointer-arith -W -fno-strict-aliasing -fpascal-strings -fno-common -pipe   -L/Applications/Xcode.app/Contents/Developer//Platforms/iPhoneOS.platform/Developer//SDKs/iPhoneOS6.0.sdk/usr/lib -lobjc conftest.c  1>&5
ld: library not found for -lgcc_s.10.4
collect2: ld returned 1 exit status
configure: failed program was:
#line 13606 "configure"
#include "confdefs.h"
/* System header to define __stub macros and hopefully few prototypes,
    which can conflict with char setlocale(); below.  */
#include <assert.h>
/* Override any gcc2 internal prototype to avoid an error.  */
/* We use char because int might match the return type of a gcc2
    builtin and then its argument prototype would still apply.  */
char setlocale();

int main() {

/* The GNU C library defines this for functions which it implements
    to always fail with ENOSYS.  Some functions are actually named
    something starting with __ and the normal name is an alias.  */
#if defined (__stub_setlocale) || defined (__stub___setlocale)
choke me
#else
setlocale();
#endif

; return 0; }
configure:13656: checking for localeconv
configure:13684: /Applications/Xcode.app/Contents/Developer//Platforms/iPhoneOS.platform/Developer//usr/bin/arm-apple-darwin10-llvm-gcc-4.2 -isysroot /Applications/Xcode.app/Contents/Developer//Platforms/iPhoneOS.platform/Developer//SDKs/iPhoneOS6.0.sdk -no-cpp-precomp -pipe -I/Applications/Xcode.app/Contents/Developer//Platforms/iPhoneOS.platform/Developer//SDKs/iPhoneOS6.0.sdk/usr/include/ -Wall -L/Applications/Xcode.app/Contents/Developer//Platforms/iPhoneOS.platform/Developer//SDKs/iPhoneOS6.0.sdk/usr/lib -F/Applications/Xcode.app/Contents/Developer//Platforms/iPhoneOS.platform/Developer//SDKs/iPhoneOS6.0.sdk/System/Library/Frameworks -march=armv7s -mthumb -O3 -o conftest -Wall -W -Wno-unused -Wpointer-arith -W -fno-strict-aliasing -fpascal-strings -fno-common -pipe   -L/Applications/Xcode.app/Contents/Developer//Platforms/iPhoneOS.platform/Developer//SDKs/iPhoneOS6.0.sdk/usr/lib -lobjc conftest.c  1>&5
ld: library not found for -lgcc_s.10.4
collect2: ld returned 1 exit status
configure: failed program was:
#line 13661 "configure"
#include "confdefs.h"
/* System header to define __stub macros and hopefully few prototypes,
    which can conflict with char localeconv(); below.  */
#include <assert.h>
/* Override any gcc2 internal prototype to avoid an error.  */
/* We use char because int might match the return type of a gcc2
    builtin and then its argument prototype would still apply.  */
char localeconv();

int main() {

/* The GNU C library defines this for functions which it implements
    to always fail with ENOSYS.  Some functions are actually named
    something starting with __ and the normal name is an alias.  */
#if defined (__stub_localeconv) || defined (__stub___localeconv)
choke me
#else
localeconv();
#endif

; return 0; }
